2017/05/06 18:02:41 INFO  - jmeter.util.JMeterUtils: Setting Locale to zh_CN 
2017/05/06 18:02:41 INFO  - jmeter.JMeter: Loading user properties from: /Users/qianjia/Development/apache-jmeter-3.1/bin/user.properties 
2017/05/06 18:02:41 INFO  - jmeter.JMeter: Loading system properties from: /Users/qianjia/Development/apache-jmeter-3.1/bin/system.properties 
2017/05/06 18:02:41 INFO  - jmeter.JMeter: Copyright (c) 1998-2016 The Apache Software Foundation 
2017/05/06 18:02:41 INFO  - jmeter.JMeter: Version 3.1 r1770033 
2017/05/06 18:02:41 INFO  - jmeter.JMeter: java.version=1.8.0_121 
2017/05/06 18:02:41 INFO  - jmeter.JMeter: java.vm.name=Java HotSpot(TM) 64-Bit Server VM 
2017/05/06 18:02:41 INFO  - jmeter.JMeter: os.name=Mac OS X 
2017/05/06 18:02:41 INFO  - jmeter.JMeter: os.arch=x86_64 
2017/05/06 18:02:41 INFO  - jmeter.JMeter: os.version=10.12.4 
2017/05/06 18:02:41 INFO  - jmeter.JMeter: file.encoding=UTF-8 
2017/05/06 18:02:41 INFO  - jmeter.JMeter: Max memory     =1029177344 
2017/05/06 18:02:41 INFO  - jmeter.JMeter: Available Processors =8 
2017/05/06 18:02:41 INFO  - jmeter.JMeter: Default Locale=中文 (中国) 
2017/05/06 18:02:41 INFO  - jmeter.JMeter: JMeter  Locale=中文 (中国) 
2017/05/06 18:02:41 INFO  - jmeter.JMeter: JMeterHome=/Users/qianjia/Development/apache-jmeter-3.1 
2017/05/06 18:02:41 INFO  - jmeter.JMeter: user.dir  =/Users/qianjia/workspace-os/artemis-disruptor-miaosha/jmeter 
2017/05/06 18:02:41 INFO  - jmeter.JMeter: PWD       =/Users/qianjia/workspace-os/artemis-disruptor-miaosha/jmeter 
2017/05/06 18:02:41 INFO  - jmeter.JMeter: IP: 192.168.31.109 Name: qianjiadeMacBook-Pro.local FullName: 192.168.31.109 
2017/05/06 18:02:41 INFO  - jmeter.services.FileServer: Default base='/Users/qianjia/workspace-os/artemis-disruptor-miaosha/jmeter' 
2017/05/06 18:02:41 INFO  - jmeter.services.FileServer: Set new base='/Users/qianjia/workspace-os/artemis-disruptor-miaosha/jmeter' 
2017/05/06 18:02:42 INFO  - jmeter.save.SaveService: Testplan (JMX) version: 2.2. Testlog (JTL) version: 2.2 
2017/05/06 18:02:42 INFO  - jmeter.save.SaveService: Using SaveService properties file encoding UTF-8 
2017/05/06 18:02:42 INFO  - jmeter.save.SaveService: Using SaveService properties version 3.1 
2017/05/06 18:02:42 INFO  - jmeter.save.SaveService: All converter versions present and correct 
2017/05/06 18:02:42 INFO  - jmeter.save.SaveService: Loading file: benchmark.jmx 
2017/05/06 18:02:42 INFO  - jmeter.protocol.http.sampler.HTTPSamplerBase: Parser for text/html is org.apache.jmeter.protocol.http.parser.LagartoBasedHtmlParser 
2017/05/06 18:02:42 INFO  - jmeter.protocol.http.sampler.HTTPSamplerBase: Parser for application/xhtml+xml is org.apache.jmeter.protocol.http.parser.LagartoBasedHtmlParser 
2017/05/06 18:02:42 INFO  - jmeter.protocol.http.sampler.HTTPSamplerBase: Parser for application/xml is org.apache.jmeter.protocol.http.parser.LagartoBasedHtmlParser 
2017/05/06 18:02:42 INFO  - jmeter.protocol.http.sampler.HTTPSamplerBase: Parser for text/xml is org.apache.jmeter.protocol.http.parser.LagartoBasedHtmlParser 
2017/05/06 18:02:42 INFO  - jmeter.protocol.http.sampler.HTTPSamplerBase: Parser for text/vnd.wap.wml is org.apache.jmeter.protocol.http.parser.RegexpHTMLParser 
2017/05/06 18:02:42 INFO  - jmeter.protocol.http.sampler.HTTPSamplerBase: Parser for text/css is org.apache.jmeter.protocol.http.parser.CssParser 
2017/05/06 18:02:42 INFO  - jmeter.JMeter: Creating summariser <summary> 
2017/05/06 18:02:42 INFO  - jmeter.engine.StandardJMeterEngine: Running the test! 
2017/05/06 18:02:42 INFO  - jmeter.samplers.SampleEvent: List of sample_variables: [] 
2017/05/06 18:02:42 INFO  - jmeter.samplers.SampleEvent: List of sample_variables: [] 
2017/05/06 18:02:42 INFO  - jmeter.engine.util.CompoundVariable: Note: Function class names must contain the string: '.functions.' 
2017/05/06 18:02:42 INFO  - jmeter.engine.util.CompoundVariable: Note: Function class names must not contain the string: '.gui.' 
2017/05/06 18:02:42 INFO  - jmeter.JMeter: 正在运行的测试 (1494064962207) 
2017/05/06 18:02:42 INFO  - jmeter.engine.StandardJMeterEngine: Starting ThreadGroup: 1 : Thread Group 
2017/05/06 18:02:42 INFO  - jmeter.engine.StandardJMeterEngine: Starting 300 threads for group Thread Group. 
2017/05/06 18:02:42 INFO  - jmeter.engine.StandardJMeterEngine: Thread will continue on error 
2017/05/06 18:02:42 INFO  - jmeter.threads.ThreadGroup: Starting thread group number 1 threads 300 ramp-up 0 perThread 0.0 delayedStart=true 
2017/05/06 18:02:42 INFO  - jmeter.threads.ThreadGroup: Started thread group number 1 
2017/05/06 18:02:42 INFO  - jmeter.engine.StandardJMeterEngine: All thread groups have been started 
2017/05/06 18:02:42 INFO  - jmeter.threads.JMeterThread: Thread started: Thread Group 1-6 
2017/05/06 18:02:42 INFO  - jmeter.threads.JMeterThread: Thread started: Thread Group 1-5 
2017/05/06 18:02:42 INFO  - jmeter.threads.JMeterThread: Thread started: Thread Group 1-1 
2017/05/06 18:02:42 INFO  - jmeter.threads.JMeterThread: Thread started: Thread Group 1-7 
2017/05/06 18:02:42 INFO  - jmeter.threads.JMeterThread: Thread started: Thread Group 1-3 
2017/05/06 18:02:42 INFO  - jmeter.threads.JMeterThread: Thread started: Thread Group 1-2 
2017/05/06 18:02:42 INFO  - jmeter.threads.JMeterThread: Thread started: Thread Group 1-4 
2017/05/06 18:02:42 INFO  - jmeter.threads.JMeterThread: Thread started: Thread Group 1-8 
2017/05/06 18:02:42 INFO  - jmeter.threads.JMeterThread: Thread started: Thread Group 1-9 
2017/05/06 18:02:42 INFO  - jmeter.threads.JMeterThread: Thread started: Thread Group 1-10 
2017/05/06 18:02:42 INFO  - jmeter.threads.JMeterThread: Thread started: Thread Group 1-11 
2017/05/06 18:02:42 INFO  - jmeter.threads.JMeterThread: Thread started: Thread Group 1-12 
2017/05/06 18:02:42 INFO  - jmeter.threads.JMeterThread: Thread started: Thread Group 1-13 
2017/05/06 18:02:42 INFO  - jmeter.threads.JMeterThread: Thread started: Thread Group 1-14 
2017/05/06 18:02:42 INFO  - jmeter.threads.JMeterThread: Thread started: Thread Group 1-15 
2017/05/06 18:02:42 INFO  - jmeter.threads.JMeterThread: Thread started: Thread Group 1-16 
2017/05/06 18:02:42 INFO  - jmeter.threads.JMeterThread: Thread started: Thread Group 1-17 
2017/05/06 18:02:42 INFO  - jmeter.threads.JMeterThread: Thread started: Thread Group 1-18 
2017/05/06 18:02:42 INFO  - jmeter.threads.JMeterThread: Thread started: Thread Group 1-19 
2017/05/06 18:02:42 INFO  - jmeter.threads.JMeterThread: Thread started: Thread Group 1-20 
2017/05/06 18:02:42 INFO  - jmeter.threads.JMeterThread: Thread started: Thread Group 1-21 
2017/05/06 18:02:42 INFO  - jmeter.threads.JMeterThread: Thread started: Thread Group 1-22 
2017/05/06 18:02:42 INFO  - jmeter.threads.JMeterThread: Thread started: Thread Group 1-23 
2017/05/06 18:02:42 INFO  - jmeter.threads.JMeterThread: Thread started: Thread Group 1-24 
2017/05/06 18:02:42 INFO  - jmeter.threads.JMeterThread: Thread started: Thread Group 1-25 
2017/05/06 18:02:42 INFO  - jmeter.threads.JMeterThread: Thread started: Thread Group 1-26 
2017/05/06 18:02:42 INFO  - jmeter.threads.JMeterThread: Thread started: Thread Group 1-27 
2017/05/06 18:02:42 INFO  - jmeter.threads.JMeterThread: Thread started: Thread Group 1-28 
2017/05/06 18:02:42 INFO  - jmeter.threads.JMeterThread: Thread started: Thread Group 1-29 
2017/05/06 18:02:42 INFO  - jmeter.threads.JMeterThread: Thread started: Thread Group 1-30 
2017/05/06 18:02:42 INFO  - jmeter.threads.JMeterThread: Thread started: Thread Group 1-31 
2017/05/06 18:02:42 INFO  - jmeter.threads.JMeterThread: Thread started: Thread Group 1-32 
2017/05/06 18:02:42 INFO  - jmeter.threads.JMeterThread: Thread started: Thread Group 1-33 
2017/05/06 18:02:42 INFO  - jmeter.threads.JMeterThread: Thread started: Thread Group 1-34 
2017/05/06 18:02:42 INFO  - jmeter.threads.JMeterThread: Thread started: Thread Group 1-35 
2017/05/06 18:02:42 INFO  - jmeter.threads.JMeterThread: Thread started: Thread Group 1-36 
2017/05/06 18:02:42 INFO  - jmeter.threads.JMeterThread: Thread started: Thread Group 1-37 
2017/05/06 18:02:42 INFO  - jmeter.threads.JMeterThread: Thread started: Thread Group 1-38 
2017/05/06 18:02:42 INFO  - jmeter.threads.JMeterThread: Thread started: Thread Group 1-39 
2017/05/06 18:02:42 INFO  - jmeter.protocol.http.sampler.HTTPHCAbstractImpl: Local host = qianjiadeMacBook-Pro.local 
2017/05/06 18:02:42 INFO  - jmeter.threads.JMeterThread: Thread started: Thread Group 1-40 
2017/05/06 18:02:42 INFO  - jmeter.threads.JMeterThread: Thread started: Thread Group 1-41 
2017/05/06 18:02:42 INFO  - jmeter.threads.JMeterThread: Thread started: Thread Group 1-42 
2017/05/06 18:02:42 INFO  - jmeter.threads.JMeterThread: Thread started: Thread Group 1-43 
2017/05/06 18:02:42 INFO  - jmeter.threads.JMeterThread: Thread started: Thread Group 1-44 
2017/05/06 18:02:42 INFO  - jmeter.threads.JMeterThread: Thread started: Thread Group 1-45 
2017/05/06 18:02:42 INFO  - jmeter.threads.JMeterThread: Thread started: Thread Group 1-46 
2017/05/06 18:02:42 INFO  - jmeter.threads.JMeterThread: Thread started: Thread Group 1-47 
2017/05/06 18:02:42 INFO  - jmeter.threads.JMeterThread: Thread started: Thread Group 1-48 
2017/05/06 18:02:42 INFO  - jmeter.threads.JMeterThread: Thread started: Thread Group 1-49 
2017/05/06 18:02:42 INFO  - jmeter.threads.JMeterThread: Thread started: Thread Group 1-50 
2017/05/06 18:02:42 INFO  - jmeter.threads.JMeterThread: Thread started: Thread Group 1-51 
2017/05/06 18:02:42 INFO  - jmeter.threads.JMeterThread: Thread started: Thread Group 1-52 
2017/05/06 18:02:42 INFO  - jmeter.threads.JMeterThread: Thread started: Thread Group 1-53 
2017/05/06 18:02:42 INFO  - jmeter.threads.JMeterThread: Thread started: Thread Group 1-54 
2017/05/06 18:02:42 INFO  - jmeter.threads.JMeterThread: Thread started: Thread Group 1-55 
2017/05/06 18:02:42 INFO  - jmeter.threads.JMeterThread: Thread started: Thread Group 1-56 
2017/05/06 18:02:42 INFO  - jmeter.threads.JMeterThread: Thread started: Thread Group 1-57 
2017/05/06 18:02:42 INFO  - jmeter.threads.JMeterThread: Thread started: Thread Group 1-58 
2017/05/06 18:02:42 INFO  - jmeter.threads.JMeterThread: Thread started: Thread Group 1-59 
2017/05/06 18:02:42 INFO  - jmeter.threads.JMeterThread: Thread started: Thread Group 1-60 
2017/05/06 18:02:42 INFO  - jmeter.protocol.http.sampler.HTTPHC4Impl: HTTP request retry count = 0 
2017/05/06 18:02:42 INFO  - jmeter.threads.JMeterThread: Thread started: Thread Group 1-61 
2017/05/06 18:02:42 INFO  - jmeter.threads.JMeterThread: Thread started: Thread Group 1-62 
2017/05/06 18:02:42 INFO  - jmeter.threads.JMeterThread: Thread started: Thread Group 1-63 
2017/05/06 18:02:42 INFO  - jmeter.threads.JMeterThread: Thread started: Thread Group 1-64 
2017/05/06 18:02:42 INFO  - jmeter.threads.JMeterThread: Thread started: Thread Group 1-65 
2017/05/06 18:02:42 INFO  - jmeter.threads.JMeterThread: Thread started: Thread Group 1-66 
2017/05/06 18:02:42 INFO  - jmeter.threads.JMeterThread: Thread started: Thread Group 1-67 
2017/05/06 18:02:42 INFO  - jmeter.threads.JMeterThread: Thread started: Thread Group 1-68 
2017/05/06 18:02:42 INFO  - jmeter.threads.JMeterThread: Thread started: Thread Group 1-69 
2017/05/06 18:02:42 INFO  - jmeter.threads.JMeterThread: Thread started: Thread Group 1-70 
2017/05/06 18:02:42 INFO  - jmeter.threads.JMeterThread: Thread started: Thread Group 1-71 
2017/05/06 18:02:42 INFO  - jmeter.threads.JMeterThread: Thread started: Thread Group 1-72 
2017/05/06 18:02:42 INFO  - jmeter.threads.JMeterThread: Thread started: Thread Group 1-73 
2017/05/06 18:02:42 INFO  - jmeter.threads.JMeterThread: Thread started: Thread Group 1-74 
2017/05/06 18:02:42 INFO  - jmeter.threads.JMeterThread: Thread started: Thread Group 1-75 
2017/05/06 18:02:42 INFO  - jmeter.threads.JMeterThread: Thread started: Thread Group 1-76 
2017/05/06 18:02:42 INFO  - jmeter.threads.JMeterThread: Thread started: Thread Group 1-77 
2017/05/06 18:02:42 INFO  - jmeter.threads.JMeterThread: Thread started: Thread Group 1-78 
2017/05/06 18:02:42 INFO  - jmeter.threads.JMeterThread: Thread started: Thread Group 1-79 
2017/05/06 18:02:42 INFO  - jmeter.threads.JMeterThread: Thread started: Thread Group 1-80 
2017/05/06 18:02:42 INFO  - jmeter.threads.JMeterThread: Thread started: Thread Group 1-81 
2017/05/06 18:02:42 INFO  - jmeter.threads.JMeterThread: Thread started: Thread Group 1-82 
2017/05/06 18:02:42 INFO  - jmeter.threads.JMeterThread: Thread started: Thread Group 1-83 
2017/05/06 18:02:42 INFO  - jmeter.threads.JMeterThread: Thread started: Thread Group 1-84 
2017/05/06 18:02:42 INFO  - jmeter.threads.JMeterThread: Thread started: Thread Group 1-85 
2017/05/06 18:02:42 INFO  - jmeter.threads.JMeterThread: Thread started: Thread Group 1-86 
2017/05/06 18:02:42 INFO  - jmeter.threads.JMeterThread: Thread started: Thread Group 1-87 
2017/05/06 18:02:42 INFO  - jmeter.threads.JMeterThread: Thread started: Thread Group 1-88 
2017/05/06 18:02:42 INFO  - jmeter.threads.JMeterThread: Thread started: Thread Group 1-89 
2017/05/06 18:02:42 INFO  - jmeter.threads.JMeterThread: Thread started: Thread Group 1-90 
2017/05/06 18:02:42 INFO  - jmeter.threads.JMeterThread: Thread started: Thread Group 1-91 
2017/05/06 18:02:42 INFO  - jmeter.threads.JMeterThread: Thread started: Thread Group 1-92 
2017/05/06 18:02:42 INFO  - jmeter.threads.JMeterThread: Thread started: Thread Group 1-93 
2017/05/06 18:02:42 INFO  - jmeter.threads.JMeterThread: Thread started: Thread Group 1-94 
2017/05/06 18:02:42 INFO  - jmeter.threads.JMeterThread: Thread started: Thread Group 1-95 
2017/05/06 18:02:42 INFO  - jmeter.threads.JMeterThread: Thread started: Thread Group 1-96 
2017/05/06 18:02:42 INFO  - jmeter.threads.JMeterThread: Thread started: Thread Group 1-97 
2017/05/06 18:02:42 INFO  - jmeter.threads.JMeterThread: Thread started: Thread Group 1-98 
2017/05/06 18:02:42 INFO  - jmeter.threads.JMeterThread: Thread started: Thread Group 1-99 
2017/05/06 18:02:42 INFO  - jmeter.threads.JMeterThread: Thread started: Thread Group 1-100 
2017/05/06 18:02:42 INFO  - jmeter.threads.JMeterThread: Thread started: Thread Group 1-101 
2017/05/06 18:02:42 INFO  - jmeter.threads.JMeterThread: Thread started: Thread Group 1-102 
2017/05/06 18:02:42 INFO  - jmeter.threads.JMeterThread: Thread started: Thread Group 1-103 
2017/05/06 18:02:42 INFO  - jmeter.threads.JMeterThread: Thread started: Thread Group 1-104 
2017/05/06 18:02:42 INFO  - jmeter.threads.JMeterThread: Thread started: Thread Group 1-105 
2017/05/06 18:02:42 INFO  - jmeter.threads.JMeterThread: Thread started: Thread Group 1-106 
2017/05/06 18:02:42 INFO  - jmeter.threads.JMeterThread: Thread started: Thread Group 1-107 
2017/05/06 18:02:42 INFO  - jmeter.threads.JMeterThread: Thread started: Thread Group 1-108 
2017/05/06 18:02:42 INFO  - jmeter.threads.JMeterThread: Thread started: Thread Group 1-109 
2017/05/06 18:02:42 INFO  - jmeter.threads.JMeterThread: Thread started: Thread Group 1-110 
2017/05/06 18:02:42 INFO  - jmeter.threads.JMeterThread: Thread started: Thread Group 1-111 
2017/05/06 18:02:42 INFO  - jmeter.threads.JMeterThread: Thread started: Thread Group 1-112 
2017/05/06 18:02:42 INFO  - jmeter.threads.JMeterThread: Thread started: Thread Group 1-113 
2017/05/06 18:02:42 INFO  - jmeter.threads.JMeterThread: Thread started: Thread Group 1-114 
2017/05/06 18:02:42 INFO  - jmeter.threads.JMeterThread: Thread started: Thread Group 1-115 
2017/05/06 18:02:42 INFO  - jmeter.threads.JMeterThread: Thread started: Thread Group 1-116 
2017/05/06 18:02:42 INFO  - jmeter.threads.JMeterThread: Thread started: Thread Group 1-117 
2017/05/06 18:02:42 INFO  - jmeter.threads.JMeterThread: Thread started: Thread Group 1-118 
2017/05/06 18:02:42 INFO  - jmeter.threads.JMeterThread: Thread started: Thread Group 1-119 
2017/05/06 18:02:42 INFO  - jmeter.samplers.SampleResult: Note: Sample TimeStamps are START times 
2017/05/06 18:02:42 INFO  - jmeter.threads.JMeterThread: Thread started: Thread Group 1-120 
2017/05/06 18:02:42 INFO  - jmeter.samplers.SampleResult: sampleresult.default.encoding is set to ISO-8859-1 
2017/05/06 18:02:42 INFO  - jmeter.samplers.SampleResult: sampleresult.useNanoTime=true 
2017/05/06 18:02:42 INFO  - jmeter.threads.JMeterThread: Thread started: Thread Group 1-121 
2017/05/06 18:02:42 INFO  - jmeter.samplers.SampleResult: sampleresult.nanoThreadSleep=5000 
2017/05/06 18:02:42 INFO  - jmeter.threads.JMeterThread: Thread started: Thread Group 1-122 
2017/05/06 18:02:42 INFO  - jmeter.threads.JMeterThread: Thread started: Thread Group 1-123 
2017/05/06 18:02:42 INFO  - jmeter.threads.JMeterThread: Thread started: Thread Group 1-124 
2017/05/06 18:02:42 INFO  - jmeter.threads.JMeterThread: Thread started: Thread Group 1-125 
2017/05/06 18:02:42 INFO  - jmeter.threads.JMeterThread: Thread started: Thread Group 1-126 
2017/05/06 18:02:42 INFO  - jmeter.threads.JMeterThread: Thread started: Thread Group 1-127 
2017/05/06 18:02:42 INFO  - jmeter.threads.JMeterThread: Thread started: Thread Group 1-128 
2017/05/06 18:02:42 INFO  - jmeter.threads.JMeterThread: Thread started: Thread Group 1-129 
2017/05/06 18:02:42 INFO  - jmeter.threads.JMeterThread: Thread started: Thread Group 1-130 
2017/05/06 18:02:42 INFO  - jmeter.threads.JMeterThread: Thread started: Thread Group 1-131 
2017/05/06 18:02:42 INFO  - jmeter.threads.JMeterThread: Thread started: Thread Group 1-132 
2017/05/06 18:02:42 INFO  - jmeter.threads.JMeterThread: Thread started: Thread Group 1-133 
2017/05/06 18:02:42 INFO  - jmeter.threads.JMeterThread: Thread started: Thread Group 1-134 
2017/05/06 18:02:42 INFO  - jmeter.threads.JMeterThread: Thread started: Thread Group 1-135 
2017/05/06 18:02:42 INFO  - jmeter.threads.JMeterThread: Thread started: Thread Group 1-136 
2017/05/06 18:02:42 INFO  - jmeter.threads.JMeterThread: Thread started: Thread Group 1-137 
2017/05/06 18:02:42 INFO  - jmeter.threads.JMeterThread: Thread started: Thread Group 1-138 
2017/05/06 18:02:42 INFO  - jmeter.threads.JMeterThread: Thread started: Thread Group 1-139 
2017/05/06 18:02:42 INFO  - jmeter.threads.JMeterThread: Thread started: Thread Group 1-140 
2017/05/06 18:02:42 INFO  - jmeter.threads.JMeterThread: Thread started: Thread Group 1-141 
2017/05/06 18:02:42 INFO  - jmeter.threads.JMeterThread: Thread started: Thread Group 1-142 
2017/05/06 18:02:42 INFO  - jmeter.threads.JMeterThread: Thread started: Thread Group 1-143 
2017/05/06 18:02:42 INFO  - jmeter.threads.JMeterThread: Thread started: Thread Group 1-144 
2017/05/06 18:02:42 INFO  - jmeter.threads.JMeterThread: Thread started: Thread Group 1-145 
2017/05/06 18:02:42 INFO  - jmeter.threads.JMeterThread: Thread started: Thread Group 1-146 
2017/05/06 18:02:42 INFO  - jmeter.threads.JMeterThread: Thread started: Thread Group 1-147 
2017/05/06 18:02:42 INFO  - jmeter.threads.JMeterThread: Thread started: Thread Group 1-148 
2017/05/06 18:02:42 INFO  - jmeter.threads.JMeterThread: Thread started: Thread Group 1-149 
2017/05/06 18:02:42 INFO  - jmeter.threads.JMeterThread: Thread started: Thread Group 1-150 
2017/05/06 18:02:42 INFO  - jmeter.threads.JMeterThread: Thread started: Thread Group 1-151 
2017/05/06 18:02:42 INFO  - jmeter.threads.JMeterThread: Thread started: Thread Group 1-152 
2017/05/06 18:02:42 INFO  - jmeter.threads.JMeterThread: Thread started: Thread Group 1-153 
2017/05/06 18:02:42 INFO  - jmeter.threads.JMeterThread: Thread started: Thread Group 1-154 
2017/05/06 18:02:42 INFO  - jmeter.threads.JMeterThread: Thread started: Thread Group 1-155 
2017/05/06 18:02:42 INFO  - jmeter.threads.JMeterThread: Thread started: Thread Group 1-156 
2017/05/06 18:02:42 INFO  - jmeter.threads.JMeterThread: Thread started: Thread Group 1-157 
2017/05/06 18:02:42 INFO  - jmeter.threads.JMeterThread: Thread started: Thread Group 1-158 
2017/05/06 18:02:42 INFO  - jmeter.threads.JMeterThread: Thread started: Thread Group 1-159 
2017/05/06 18:02:42 INFO  - jmeter.threads.JMeterThread: Thread started: Thread Group 1-160 
2017/05/06 18:02:42 INFO  - jmeter.threads.JMeterThread: Thread started: Thread Group 1-161 
2017/05/06 18:02:42 INFO  - jmeter.threads.JMeterThread: Thread started: Thread Group 1-162 
2017/05/06 18:02:42 INFO  - jmeter.threads.JMeterThread: Thread started: Thread Group 1-163 
2017/05/06 18:02:42 INFO  - jmeter.threads.JMeterThread: Thread started: Thread Group 1-164 
2017/05/06 18:02:42 INFO  - jmeter.threads.JMeterThread: Thread started: Thread Group 1-165 
2017/05/06 18:02:42 INFO  - jmeter.threads.JMeterThread: Thread started: Thread Group 1-166 
2017/05/06 18:02:42 INFO  - jmeter.threads.JMeterThread: Thread started: Thread Group 1-167 
2017/05/06 18:02:42 INFO  - jmeter.threads.JMeterThread: Thread started: Thread Group 1-168 
2017/05/06 18:02:42 INFO  - jmeter.threads.JMeterThread: Thread started: Thread Group 1-169 
2017/05/06 18:02:42 INFO  - jmeter.threads.JMeterThread: Thread started: Thread Group 1-170 
2017/05/06 18:02:42 INFO  - jmeter.threads.JMeterThread: Thread started: Thread Group 1-171 
2017/05/06 18:02:42 INFO  - jmeter.threads.JMeterThread: Thread started: Thread Group 1-172 
2017/05/06 18:02:42 INFO  - jmeter.threads.JMeterThread: Thread started: Thread Group 1-173 
2017/05/06 18:02:42 INFO  - jmeter.threads.JMeterThread: Thread started: Thread Group 1-174 
2017/05/06 18:02:42 INFO  - jmeter.threads.JMeterThread: Thread started: Thread Group 1-175 
2017/05/06 18:02:42 INFO  - jmeter.threads.JMeterThread: Thread started: Thread Group 1-176 
2017/05/06 18:02:42 INFO  - jmeter.threads.JMeterThread: Thread started: Thread Group 1-177 
2017/05/06 18:02:42 INFO  - jmeter.threads.JMeterThread: Thread started: Thread Group 1-178 
2017/05/06 18:02:42 INFO  - jmeter.threads.JMeterThread: Thread started: Thread Group 1-179 
2017/05/06 18:02:42 INFO  - jmeter.threads.JMeterThread: Thread started: Thread Group 1-180 
2017/05/06 18:02:42 INFO  - jmeter.threads.JMeterThread: Thread started: Thread Group 1-181 
2017/05/06 18:02:42 INFO  - jmeter.threads.JMeterThread: Thread started: Thread Group 1-182 
2017/05/06 18:02:42 INFO  - jmeter.threads.JMeterThread: Thread started: Thread Group 1-183 
2017/05/06 18:02:42 INFO  - jmeter.threads.JMeterThread: Thread started: Thread Group 1-184 
2017/05/06 18:02:42 INFO  - jmeter.threads.JMeterThread: Thread started: Thread Group 1-185 
2017/05/06 18:02:42 INFO  - jmeter.threads.JMeterThread: Thread started: Thread Group 1-186 
2017/05/06 18:02:42 INFO  - jmeter.threads.JMeterThread: Thread started: Thread Group 1-187 
2017/05/06 18:02:42 INFO  - jmeter.threads.JMeterThread: Thread started: Thread Group 1-188 
2017/05/06 18:02:42 INFO  - jmeter.threads.JMeterThread: Thread started: Thread Group 1-189 
2017/05/06 18:02:42 INFO  - jmeter.threads.JMeterThread: Thread started: Thread Group 1-190 
2017/05/06 18:02:42 INFO  - jmeter.threads.JMeterThread: Thread started: Thread Group 1-191 
2017/05/06 18:02:42 INFO  - jmeter.threads.JMeterThread: Thread started: Thread Group 1-192 
2017/05/06 18:02:42 INFO  - jmeter.threads.JMeterThread: Thread started: Thread Group 1-193 
2017/05/06 18:02:42 INFO  - jmeter.threads.JMeterThread: Thread started: Thread Group 1-194 
2017/05/06 18:02:42 INFO  - jmeter.threads.JMeterThread: Thread started: Thread Group 1-195 
2017/05/06 18:02:42 INFO  - jmeter.threads.JMeterThread: Thread started: Thread Group 1-196 
2017/05/06 18:02:42 INFO  - jmeter.threads.JMeterThread: Thread started: Thread Group 1-197 
2017/05/06 18:02:42 INFO  - jmeter.threads.JMeterThread: Thread started: Thread Group 1-198 
2017/05/06 18:02:42 INFO  - jmeter.threads.JMeterThread: Thread started: Thread Group 1-199 
2017/05/06 18:02:42 INFO  - jmeter.threads.JMeterThread: Thread started: Thread Group 1-200 
2017/05/06 18:02:42 INFO  - jmeter.threads.JMeterThread: Thread started: Thread Group 1-201 
2017/05/06 18:02:42 INFO  - jmeter.threads.JMeterThread: Thread started: Thread Group 1-202 
2017/05/06 18:02:42 INFO  - jmeter.threads.JMeterThread: Thread started: Thread Group 1-203 
2017/05/06 18:02:42 INFO  - jmeter.threads.JMeterThread: Thread started: Thread Group 1-204 
2017/05/06 18:02:42 INFO  - jmeter.threads.JMeterThread: Thread started: Thread Group 1-205 
2017/05/06 18:02:42 INFO  - jmeter.threads.JMeterThread: Thread started: Thread Group 1-206 
2017/05/06 18:02:42 INFO  - jmeter.threads.JMeterThread: Thread started: Thread Group 1-207 
2017/05/06 18:02:42 INFO  - jmeter.threads.JMeterThread: Thread started: Thread Group 1-208 
2017/05/06 18:02:42 INFO  - jmeter.threads.JMeterThread: Thread started: Thread Group 1-209 
2017/05/06 18:02:42 INFO  - jmeter.threads.JMeterThread: Thread started: Thread Group 1-210 
2017/05/06 18:02:42 INFO  - jmeter.threads.JMeterThread: Thread started: Thread Group 1-211 
2017/05/06 18:02:42 INFO  - jmeter.threads.JMeterThread: Thread started: Thread Group 1-212 
2017/05/06 18:02:42 INFO  - jmeter.threads.JMeterThread: Thread started: Thread Group 1-213 
2017/05/06 18:02:42 INFO  - jmeter.threads.JMeterThread: Thread started: Thread Group 1-214 
2017/05/06 18:02:42 INFO  - jmeter.threads.JMeterThread: Thread started: Thread Group 1-215 
2017/05/06 18:02:42 INFO  - jmeter.threads.JMeterThread: Thread started: Thread Group 1-216 
2017/05/06 18:02:42 INFO  - jmeter.threads.JMeterThread: Thread started: Thread Group 1-217 
2017/05/06 18:02:42 INFO  - jmeter.threads.JMeterThread: Thread started: Thread Group 1-218 
2017/05/06 18:02:42 INFO  - jmeter.threads.JMeterThread: Thread started: Thread Group 1-219 
2017/05/06 18:02:42 INFO  - jmeter.threads.JMeterThread: Thread started: Thread Group 1-220 
2017/05/06 18:02:42 INFO  - jmeter.threads.JMeterThread: Thread started: Thread Group 1-221 
2017/05/06 18:02:42 INFO  - jmeter.threads.JMeterThread: Thread started: Thread Group 1-222 
2017/05/06 18:02:42 INFO  - jmeter.threads.JMeterThread: Thread started: Thread Group 1-223 
2017/05/06 18:02:42 INFO  - jmeter.threads.JMeterThread: Thread started: Thread Group 1-224 
2017/05/06 18:02:42 INFO  - jmeter.threads.JMeterThread: Thread started: Thread Group 1-225 
2017/05/06 18:02:42 INFO  - jmeter.threads.JMeterThread: Thread started: Thread Group 1-226 
2017/05/06 18:02:42 INFO  - jmeter.threads.JMeterThread: Thread started: Thread Group 1-227 
2017/05/06 18:02:42 INFO  - jmeter.threads.JMeterThread: Thread started: Thread Group 1-228 
2017/05/06 18:02:42 INFO  - jmeter.threads.JMeterThread: Thread started: Thread Group 1-229 
2017/05/06 18:02:42 INFO  - jmeter.threads.JMeterThread: Thread started: Thread Group 1-230 
2017/05/06 18:02:42 INFO  - jmeter.threads.JMeterThread: Thread started: Thread Group 1-231 
2017/05/06 18:02:42 INFO  - jmeter.threads.JMeterThread: Thread started: Thread Group 1-232 
2017/05/06 18:02:42 INFO  - jmeter.threads.JMeterThread: Thread started: Thread Group 1-233 
2017/05/06 18:02:42 INFO  - jmeter.threads.JMeterThread: Thread started: Thread Group 1-234 
2017/05/06 18:02:42 INFO  - jmeter.threads.JMeterThread: Thread started: Thread Group 1-235 
2017/05/06 18:02:42 INFO  - jmeter.threads.JMeterThread: Thread started: Thread Group 1-236 
2017/05/06 18:02:42 INFO  - jmeter.threads.JMeterThread: Thread started: Thread Group 1-237 
2017/05/06 18:02:42 INFO  - jmeter.threads.JMeterThread: Thread started: Thread Group 1-238 
2017/05/06 18:02:42 INFO  - jmeter.threads.JMeterThread: Thread started: Thread Group 1-239 
2017/05/06 18:02:42 INFO  - jmeter.threads.JMeterThread: Thread started: Thread Group 1-240 
2017/05/06 18:02:42 INFO  - jmeter.threads.JMeterThread: Thread started: Thread Group 1-241 
2017/05/06 18:02:42 INFO  - jmeter.threads.JMeterThread: Thread started: Thread Group 1-242 
2017/05/06 18:02:42 INFO  - jmeter.threads.JMeterThread: Thread started: Thread Group 1-243 
2017/05/06 18:02:42 INFO  - jmeter.threads.JMeterThread: Thread started: Thread Group 1-244 
2017/05/06 18:02:42 INFO  - jmeter.threads.JMeterThread: Thread started: Thread Group 1-245 
2017/05/06 18:02:42 INFO  - jmeter.threads.JMeterThread: Thread started: Thread Group 1-246 
2017/05/06 18:02:42 INFO  - jmeter.threads.JMeterThread: Thread started: Thread Group 1-247 
2017/05/06 18:02:42 INFO  - jmeter.threads.JMeterThread: Thread started: Thread Group 1-248 
2017/05/06 18:02:42 INFO  - jmeter.threads.JMeterThread: Thread started: Thread Group 1-249 
2017/05/06 18:02:42 INFO  - jmeter.threads.JMeterThread: Thread started: Thread Group 1-250 
2017/05/06 18:02:42 INFO  - jmeter.threads.JMeterThread: Thread started: Thread Group 1-251 
2017/05/06 18:02:42 INFO  - jmeter.threads.JMeterThread: Thread started: Thread Group 1-252 
2017/05/06 18:02:42 INFO  - jmeter.threads.JMeterThread: Thread started: Thread Group 1-253 
2017/05/06 18:02:42 INFO  - jmeter.threads.JMeterThread: Thread started: Thread Group 1-254 
2017/05/06 18:02:42 INFO  - jmeter.threads.JMeterThread: Thread started: Thread Group 1-255 
2017/05/06 18:02:42 INFO  - jmeter.threads.JMeterThread: Thread started: Thread Group 1-256 
2017/05/06 18:02:42 INFO  - jmeter.threads.JMeterThread: Thread started: Thread Group 1-257 
2017/05/06 18:02:42 INFO  - jmeter.threads.JMeterThread: Thread started: Thread Group 1-258 
2017/05/06 18:02:42 INFO  - jmeter.threads.JMeterThread: Thread started: Thread Group 1-259 
2017/05/06 18:02:42 INFO  - jmeter.threads.JMeterThread: Thread started: Thread Group 1-260 
2017/05/06 18:02:42 INFO  - jmeter.threads.JMeterThread: Thread started: Thread Group 1-261 
2017/05/06 18:02:42 INFO  - jmeter.threads.JMeterThread: Thread started: Thread Group 1-262 
2017/05/06 18:02:42 INFO  - jmeter.threads.JMeterThread: Thread started: Thread Group 1-263 
2017/05/06 18:02:42 INFO  - jmeter.threads.JMeterThread: Thread started: Thread Group 1-264 
2017/05/06 18:02:42 INFO  - jmeter.threads.JMeterThread: Thread started: Thread Group 1-265 
2017/05/06 18:02:42 INFO  - jmeter.threads.JMeterThread: Thread started: Thread Group 1-266 
2017/05/06 18:02:42 INFO  - jmeter.threads.JMeterThread: Thread started: Thread Group 1-267 
2017/05/06 18:02:42 INFO  - jmeter.threads.JMeterThread: Thread started: Thread Group 1-268 
2017/05/06 18:02:42 INFO  - jmeter.threads.JMeterThread: Thread started: Thread Group 1-269 
2017/05/06 18:02:42 INFO  - jmeter.threads.JMeterThread: Thread started: Thread Group 1-270 
2017/05/06 18:02:42 INFO  - jmeter.threads.JMeterThread: Thread started: Thread Group 1-271 
2017/05/06 18:02:42 INFO  - jmeter.threads.JMeterThread: Thread started: Thread Group 1-272 
2017/05/06 18:02:42 INFO  - jmeter.threads.JMeterThread: Thread started: Thread Group 1-273 
2017/05/06 18:02:42 INFO  - jmeter.threads.JMeterThread: Thread started: Thread Group 1-274 
2017/05/06 18:02:42 INFO  - jmeter.threads.JMeterThread: Thread started: Thread Group 1-275 
2017/05/06 18:02:42 INFO  - jmeter.threads.JMeterThread: Thread started: Thread Group 1-276 
2017/05/06 18:02:42 INFO  - jmeter.threads.JMeterThread: Thread started: Thread Group 1-277 
2017/05/06 18:02:42 INFO  - jmeter.threads.JMeterThread: Thread started: Thread Group 1-278 
2017/05/06 18:02:42 INFO  - jmeter.threads.JMeterThread: Thread started: Thread Group 1-279 
2017/05/06 18:02:42 INFO  - jmeter.threads.JMeterThread: Thread started: Thread Group 1-280 
2017/05/06 18:02:42 INFO  - jmeter.threads.JMeterThread: Thread started: Thread Group 1-281 
2017/05/06 18:02:42 INFO  - jmeter.threads.JMeterThread: Thread started: Thread Group 1-282 
2017/05/06 18:02:42 INFO  - jmeter.threads.JMeterThread: Thread started: Thread Group 1-283 
2017/05/06 18:02:42 INFO  - jmeter.threads.JMeterThread: Thread started: Thread Group 1-284 
2017/05/06 18:02:42 INFO  - jmeter.threads.JMeterThread: Thread started: Thread Group 1-285 
2017/05/06 18:02:42 INFO  - jmeter.threads.JMeterThread: Thread started: Thread Group 1-286 
2017/05/06 18:02:42 INFO  - jmeter.threads.JMeterThread: Thread started: Thread Group 1-287 
2017/05/06 18:02:42 INFO  - jmeter.threads.JMeterThread: Thread started: Thread Group 1-288 
2017/05/06 18:02:42 INFO  - jmeter.threads.JMeterThread: Thread started: Thread Group 1-289 
2017/05/06 18:02:42 INFO  - jmeter.threads.JMeterThread: Thread started: Thread Group 1-290 
2017/05/06 18:02:42 INFO  - jmeter.threads.JMeterThread: Thread started: Thread Group 1-291 
2017/05/06 18:02:42 INFO  - jmeter.threads.JMeterThread: Thread started: Thread Group 1-292 
2017/05/06 18:02:42 INFO  - jmeter.threads.JMeterThread: Thread started: Thread Group 1-293 
2017/05/06 18:02:42 INFO  - jmeter.threads.JMeterThread: Thread started: Thread Group 1-294 
2017/05/06 18:02:42 INFO  - jmeter.threads.JMeterThread: Thread started: Thread Group 1-295 
2017/05/06 18:02:42 INFO  - jmeter.threads.JMeterThread: Thread started: Thread Group 1-296 
2017/05/06 18:02:42 INFO  - jmeter.threads.JMeterThread: Thread started: Thread Group 1-297 
2017/05/06 18:02:42 INFO  - jmeter.threads.JMeterThread: Thread started: Thread Group 1-298 
2017/05/06 18:02:42 INFO  - jmeter.threads.JMeterThread: Thread started: Thread Group 1-299 
2017/05/06 18:02:42 INFO  - jmeter.threads.JMeterThread: Thread started: Thread Group 1-300 
2017/05/06 18:04:00 INFO  - jmeter.reporters.Summariser: summary +  44452 in 00:01:18 =  571.3/s Avg:   511 Min:     0 Max: 31294 Err:  1899 (4.27%) Active: 300 Started: 300 Finished: 0 
2017/05/06 18:04:30 INFO  - jmeter.reporters.Summariser: summary +   8361 in 00:00:30 =  274.2/s Avg:  1022 Min:     1 Max: 27865 Err:   365 (4.37%) Active: 300 Started: 300 Finished: 0 
2017/05/06 18:04:30 INFO  - jmeter.reporters.Summariser: summary =  52813 in 00:01:48 =  487.6/s Avg:   592 Min:     0 Max: 31294 Err:  2264 (4.29%) 
2017/05/06 18:05:00 INFO  - jmeter.reporters.Summariser: summary +  10739 in 00:00:29 =  364.3/s Avg:   846 Min:     0 Max: 29091 Err:   229 (2.13%) Active: 300 Started: 300 Finished: 0 
2017/05/06 18:05:00 INFO  - jmeter.reporters.Summariser: summary =  63552 in 00:02:18 =  461.2/s Avg:   635 Min:     0 Max: 31294 Err:  2493 (3.92%) 
2017/05/06 18:05:32 INFO  - jmeter.reporters.Summariser: summary +  13859 in 00:00:33 =  424.5/s Avg:   185 Min:     1 Max: 30253 Err:   481 (3.47%) Active: 300 Started: 300 Finished: 0 
2017/05/06 18:05:32 INFO  - jmeter.reporters.Summariser: summary =  77411 in 00:02:50 =  454.2/s Avg:   554 Min:     0 Max: 31294 Err:  2974 (3.84%) 
2017/05/06 18:06:05 INFO  - jmeter.reporters.Summariser: summary +  16681 in 00:00:33 =  506.4/s Avg:   601 Min:     0 Max: 102940 Err:   461 (2.76%) Active: 300 Started: 300 Finished: 0 
2017/05/06 18:06:05 INFO  - jmeter.reporters.Summariser: summary =  94092 in 00:03:23 =  462.6/s Avg:   563 Min:     0 Max: 102940 Err:  3435 (3.65%) 
2017/05/06 18:09:00 INFO  - jmeter.reporters.Summariser: summary +  90278 in 00:02:54 =  517.4/s Avg:   653 Min:     0 Max: 33041 Err:  2304 (2.55%) Active: 300 Started: 300 Finished: 0 
2017/05/06 18:09:00 INFO  - jmeter.reporters.Summariser: summary = 184370 in 00:06:18 =  487.9/s Avg:   607 Min:     0 Max: 102940 Err:  5739 (3.11%) 
2017/05/06 18:09:00 INFO  - jmeter.threads.JMeterThread: Thread is done: Thread Group 1-254 
2017/05/06 18:09:00 INFO  - jmeter.threads.JMeterThread: Thread finished: Thread Group 1-254 
2017/05/06 18:09:00 INFO  - jmeter.threads.JMeterThread: Thread is done: Thread Group 1-126 
2017/05/06 18:09:00 INFO  - jmeter.threads.JMeterThread: Thread finished: Thread Group 1-126 
2017/05/06 18:09:00 INFO  - jmeter.threads.JMeterThread: Thread is done: Thread Group 1-160 
2017/05/06 18:09:00 INFO  - jmeter.threads.JMeterThread: Thread finished: Thread Group 1-160 
2017/05/06 18:09:01 INFO  - jmeter.threads.JMeterThread: Thread is done: Thread Group 1-64 
2017/05/06 18:09:01 INFO  - jmeter.threads.JMeterThread: Thread finished: Thread Group 1-64 
2017/05/06 18:09:28 INFO  - jmeter.threads.JMeterThread: Thread is done: Thread Group 1-194 
2017/05/06 18:09:28 INFO  - jmeter.threads.JMeterThread: Thread finished: Thread Group 1-194 
2017/05/06 18:09:28 INFO  - jmeter.threads.JMeterThread: Thread is done: Thread Group 1-213 
2017/05/06 18:09:28 INFO  - jmeter.threads.JMeterThread: Thread finished: Thread Group 1-213 
2017/05/06 18:09:28 INFO  - jmeter.threads.JMeterThread: Thread is done: Thread Group 1-111 
2017/05/06 18:09:28 INFO  - jmeter.threads.JMeterThread: Thread finished: Thread Group 1-111 
2017/05/06 18:09:32 INFO  - jmeter.reporters.Summariser: summary +  10453 in 00:00:33 =  318.2/s Avg:   786 Min:     0 Max: 26413 Err:   332 (3.18%) Active: 293 Started: 300 Finished: 7 
2017/05/06 18:09:32 INFO  - jmeter.reporters.Summariser: summary = 194823 in 00:06:51 =  474.4/s Avg:   616 Min:     0 Max: 102940 Err:  6071 (3.12%) 
2017/05/06 18:09:34 INFO  - jmeter.threads.JMeterThread: Thread is done: Thread Group 1-185 
2017/05/06 18:09:34 INFO  - jmeter.threads.JMeterThread: Thread finished: Thread Group 1-185 
2017/05/06 18:09:34 INFO  - jmeter.threads.JMeterThread: Thread is done: Thread Group 1-135 
2017/05/06 18:09:34 INFO  - jmeter.threads.JMeterThread: Thread finished: Thread Group 1-135 
2017/05/06 18:09:35 INFO  - jmeter.threads.JMeterThread: Thread is done: Thread Group 1-179 
2017/05/06 18:09:35 INFO  - jmeter.threads.JMeterThread: Thread finished: Thread Group 1-179 
2017/05/06 18:09:35 INFO  - jmeter.threads.JMeterThread: Thread is done: Thread Group 1-59 
2017/05/06 18:09:35 INFO  - jmeter.threads.JMeterThread: Thread finished: Thread Group 1-59 
2017/05/06 18:09:35 INFO  - jmeter.threads.JMeterThread: Thread is done: Thread Group 1-134 
2017/05/06 18:09:35 INFO  - jmeter.threads.JMeterThread: Thread finished: Thread Group 1-134 
2017/05/06 18:09:37 INFO  - jmeter.threads.JMeterThread: Thread is done: Thread Group 1-195 
2017/05/06 18:09:37 INFO  - jmeter.threads.JMeterThread: Thread finished: Thread Group 1-195 
2017/05/06 18:09:38 INFO  - jmeter.threads.JMeterThread: Thread is done: Thread Group 1-188 
2017/05/06 18:09:38 INFO  - jmeter.threads.JMeterThread: Thread finished: Thread Group 1-188 
2017/05/06 18:10:03 INFO  - jmeter.reporters.Summariser: summary +  14741 in 00:00:30 =  484.3/s Avg:   267 Min:     0 Max: 31326 Err:   371 (2.52%) Active: 286 Started: 300 Finished: 14 
2017/05/06 18:10:03 INFO  - jmeter.reporters.Summariser: summary = 209564 in 00:07:21 =  475.0/s Avg:   592 Min:     0 Max: 102940 Err:  6442 (3.07%) 
2017/05/06 18:10:04 INFO  - jmeter.threads.JMeterThread: Thread is done: Thread Group 1-9 
2017/05/06 18:10:04 INFO  - jmeter.threads.JMeterThread: Thread finished: Thread Group 1-9 
2017/05/06 18:10:04 INFO  - jmeter.threads.JMeterThread: Thread is done: Thread Group 1-34 
2017/05/06 18:10:04 INFO  - jmeter.threads.JMeterThread: Thread finished: Thread Group 1-34 
2017/05/06 18:10:04 INFO  - jmeter.threads.JMeterThread: Thread is done: Thread Group 1-61 
2017/05/06 18:10:04 INFO  - jmeter.threads.JMeterThread: Thread finished: Thread Group 1-61 
2017/05/06 18:10:07 INFO  - jmeter.threads.JMeterThread: Thread is done: Thread Group 1-125 
2017/05/06 18:10:07 INFO  - jmeter.threads.JMeterThread: Thread finished: Thread Group 1-125 
2017/05/06 18:10:08 INFO  - jmeter.threads.JMeterThread: Thread is done: Thread Group 1-128 
2017/05/06 18:10:08 INFO  - jmeter.threads.JMeterThread: Thread finished: Thread Group 1-128 
2017/05/06 18:10:08 INFO  - jmeter.threads.JMeterThread: Thread is done: Thread Group 1-8 
2017/05/06 18:10:08 INFO  - jmeter.threads.JMeterThread: Thread finished: Thread Group 1-8 
2017/05/06 18:10:08 INFO  - jmeter.threads.JMeterThread: Thread is done: Thread Group 1-177 
2017/05/06 18:10:08 INFO  - jmeter.threads.JMeterThread: Thread finished: Thread Group 1-177 
2017/05/06 18:10:09 INFO  - jmeter.threads.JMeterThread: Thread is done: Thread Group 1-60 
2017/05/06 18:10:09 INFO  - jmeter.threads.JMeterThread: Thread finished: Thread Group 1-60 
2017/05/06 18:10:10 INFO  - jmeter.threads.JMeterThread: Thread is done: Thread Group 1-157 
2017/05/06 18:10:10 INFO  - jmeter.threads.JMeterThread: Thread finished: Thread Group 1-157 
2017/05/06 18:10:10 INFO  - jmeter.threads.JMeterThread: Thread is done: Thread Group 1-230 
2017/05/06 18:10:10 INFO  - jmeter.threads.JMeterThread: Thread finished: Thread Group 1-230 
2017/05/06 18:10:10 INFO  - jmeter.threads.JMeterThread: Thread is done: Thread Group 1-237 
2017/05/06 18:10:10 INFO  - jmeter.threads.JMeterThread: Thread finished: Thread Group 1-237 
2017/05/06 18:10:10 INFO  - jmeter.threads.JMeterThread: Thread is done: Thread Group 1-187 
2017/05/06 18:10:10 INFO  - jmeter.threads.JMeterThread: Thread finished: Thread Group 1-187 
2017/05/06 18:10:36 INFO  - jmeter.threads.JMeterThread: Thread is done: Thread Group 1-29 
2017/05/06 18:10:36 INFO  - jmeter.threads.JMeterThread: Thread finished: Thread Group 1-29 
2017/05/06 18:10:36 INFO  - jmeter.threads.JMeterThread: Thread is done: Thread Group 1-41 
2017/05/06 18:10:36 INFO  - jmeter.threads.JMeterThread: Thread finished: Thread Group 1-41 
2017/05/06 18:10:37 INFO  - jmeter.threads.JMeterThread: Thread is done: Thread Group 1-137 
2017/05/06 18:10:37 INFO  - jmeter.threads.JMeterThread: Thread finished: Thread Group 1-137 
2017/05/06 18:10:37 INFO  - jmeter.threads.JMeterThread: Thread is done: Thread Group 1-83 
2017/05/06 18:10:37 INFO  - jmeter.threads.JMeterThread: Thread finished: Thread Group 1-83 
2017/05/06 18:10:40 INFO  - jmeter.threads.JMeterThread: Thread is done: Thread Group 1-263 
2017/05/06 18:10:40 INFO  - jmeter.threads.JMeterThread: Thread finished: Thread Group 1-263 
2017/05/06 18:10:40 INFO  - jmeter.threads.JMeterThread: Thread is done: Thread Group 1-84 
2017/05/06 18:10:40 INFO  - jmeter.threads.JMeterThread: Thread finished: Thread Group 1-84 
2017/05/06 18:10:40 INFO  - jmeter.threads.JMeterThread: Thread is done: Thread Group 1-131 
2017/05/06 18:10:40 INFO  - jmeter.threads.JMeterThread: Thread finished: Thread Group 1-131 
2017/05/06 18:10:41 INFO  - jmeter.threads.JMeterThread: Thread is done: Thread Group 1-96 
2017/05/06 18:10:41 INFO  - jmeter.threads.JMeterThread: Thread finished: Thread Group 1-96 
2017/05/06 18:10:41 INFO  - jmeter.threads.JMeterThread: Thread is done: Thread Group 1-94 
2017/05/06 18:10:41 INFO  - jmeter.threads.JMeterThread: Thread finished: Thread Group 1-94 
2017/05/06 18:10:41 INFO  - jmeter.threads.JMeterThread: Thread is done: Thread Group 1-217 
2017/05/06 18:10:41 INFO  - jmeter.threads.JMeterThread: Thread finished: Thread Group 1-217 
2017/05/06 18:10:42 INFO  - jmeter.threads.JMeterThread: Thread is done: Thread Group 1-77 
2017/05/06 18:10:42 INFO  - jmeter.threads.JMeterThread: Thread finished: Thread Group 1-77 
2017/05/06 18:10:42 INFO  - jmeter.threads.JMeterThread: Thread is done: Thread Group 1-117 
2017/05/06 18:10:42 INFO  - jmeter.threads.JMeterThread: Thread finished: Thread Group 1-117 
2017/05/06 18:10:43 INFO  - jmeter.threads.JMeterThread: Thread is done: Thread Group 1-4 
2017/05/06 18:10:43 INFO  - jmeter.threads.JMeterThread: Thread finished: Thread Group 1-4 
2017/05/06 18:10:43 INFO  - jmeter.threads.JMeterThread: Thread is done: Thread Group 1-51 
2017/05/06 18:10:43 INFO  - jmeter.threads.JMeterThread: Thread finished: Thread Group 1-51 
2017/05/06 18:10:43 INFO  - jmeter.threads.JMeterThread: Thread is done: Thread Group 1-196 
2017/05/06 18:10:43 INFO  - jmeter.threads.JMeterThread: Thread finished: Thread Group 1-196 
2017/05/06 18:10:44 INFO  - jmeter.threads.JMeterThread: Thread is done: Thread Group 1-266 
2017/05/06 18:10:44 INFO  - jmeter.threads.JMeterThread: Thread finished: Thread Group 1-266 
2017/05/06 18:10:44 INFO  - jmeter.threads.JMeterThread: Thread is done: Thread Group 1-170 
2017/05/06 18:10:44 INFO  - jmeter.threads.JMeterThread: Thread finished: Thread Group 1-170 
2017/05/06 18:11:09 INFO  - jmeter.threads.JMeterThread: Thread is done: Thread Group 1-58 
2017/05/06 18:11:09 INFO  - jmeter.threads.JMeterThread: Thread finished: Thread Group 1-58 
2017/05/06 18:11:09 INFO  - jmeter.threads.JMeterThread: Thread is done: Thread Group 1-124 
2017/05/06 18:11:09 INFO  - jmeter.threads.JMeterThread: Thread finished: Thread Group 1-124 
2017/05/06 18:11:10 INFO  - jmeter.threads.JMeterThread: Thread is done: Thread Group 1-17 
2017/05/06 18:11:10 INFO  - jmeter.threads.JMeterThread: Thread finished: Thread Group 1-17 
2017/05/06 18:11:13 INFO  - jmeter.threads.JMeterThread: Thread is done: Thread Group 1-180 
2017/05/06 18:11:13 INFO  - jmeter.threads.JMeterThread: Thread finished: Thread Group 1-180 
2017/05/06 18:11:13 INFO  - jmeter.threads.JMeterThread: Thread is done: Thread Group 1-40 
2017/05/06 18:11:13 INFO  - jmeter.threads.JMeterThread: Thread finished: Thread Group 1-40 
2017/05/06 18:11:13 INFO  - jmeter.threads.JMeterThread: Thread is done: Thread Group 1-147 
2017/05/06 18:11:13 INFO  - jmeter.threads.JMeterThread: Thread finished: Thread Group 1-147 
2017/05/06 18:11:13 INFO  - jmeter.threads.JMeterThread: Thread is done: Thread Group 1-300 
2017/05/06 18:11:13 INFO  - jmeter.threads.JMeterThread: Thread finished: Thread Group 1-300 
2017/05/06 18:11:13 INFO  - jmeter.threads.JMeterThread: Thread is done: Thread Group 1-228 
2017/05/06 18:11:13 INFO  - jmeter.threads.JMeterThread: Thread finished: Thread Group 1-228 
2017/05/06 18:11:13 INFO  - jmeter.threads.JMeterThread: Thread is done: Thread Group 1-110 
2017/05/06 18:11:13 INFO  - jmeter.threads.JMeterThread: Thread finished: Thread Group 1-110 
2017/05/06 18:11:14 INFO  - jmeter.threads.JMeterThread: Thread is done: Thread Group 1-24 
2017/05/06 18:11:14 INFO  - jmeter.threads.JMeterThread: Thread finished: Thread Group 1-24 
2017/05/06 18:11:14 INFO  - jmeter.threads.JMeterThread: Thread is done: Thread Group 1-186 
2017/05/06 18:11:14 INFO  - jmeter.threads.JMeterThread: Thread finished: Thread Group 1-186 
2017/05/06 18:11:16 INFO  - jmeter.threads.JMeterThread: Thread is done: Thread Group 1-281 
2017/05/06 18:11:16 INFO  - jmeter.threads.JMeterThread: Thread finished: Thread Group 1-281 
2017/05/06 18:11:16 INFO  - jmeter.threads.JMeterThread: Thread is done: Thread Group 1-252 
2017/05/06 18:11:16 INFO  - jmeter.threads.JMeterThread: Thread finished: Thread Group 1-252 
2017/05/06 18:11:16 INFO  - jmeter.threads.JMeterThread: Thread is done: Thread Group 1-139 
2017/05/06 18:11:16 INFO  - jmeter.threads.JMeterThread: Thread finished: Thread Group 1-139 
2017/05/06 18:11:17 INFO  - jmeter.threads.JMeterThread: Thread is done: Thread Group 1-296 
2017/05/06 18:11:17 INFO  - jmeter.threads.JMeterThread: Thread finished: Thread Group 1-296 
2017/05/06 18:11:17 INFO  - jmeter.threads.JMeterThread: Thread is done: Thread Group 1-26 
2017/05/06 18:11:17 INFO  - jmeter.threads.JMeterThread: Thread finished: Thread Group 1-26 
2017/05/06 18:11:17 INFO  - jmeter.threads.JMeterThread: Thread is done: Thread Group 1-232 
2017/05/06 18:11:17 INFO  - jmeter.threads.JMeterThread: Thread finished: Thread Group 1-232 
2017/05/06 18:11:17 INFO  - jmeter.threads.JMeterThread: Thread is done: Thread Group 1-199 
2017/05/06 18:11:17 INFO  - jmeter.threads.JMeterThread: Thread finished: Thread Group 1-199 
2017/05/06 18:11:17 INFO  - jmeter.threads.JMeterThread: Thread is done: Thread Group 1-268 
2017/05/06 18:11:17 INFO  - jmeter.threads.JMeterThread: Thread finished: Thread Group 1-268 
2017/05/06 18:11:17 INFO  - jmeter.threads.JMeterThread: Thread is done: Thread Group 1-48 
2017/05/06 18:11:17 INFO  - jmeter.threads.JMeterThread: Thread finished: Thread Group 1-48 
2017/05/06 18:11:17 INFO  - jmeter.threads.JMeterThread: Thread is done: Thread Group 1-159 
2017/05/06 18:11:17 INFO  - jmeter.threads.JMeterThread: Thread finished: Thread Group 1-159 
2017/05/06 18:11:17 INFO  - jmeter.threads.JMeterThread: Thread is done: Thread Group 1-123 
2017/05/06 18:11:17 INFO  - jmeter.threads.JMeterThread: Thread finished: Thread Group 1-123 
2017/05/06 18:11:17 INFO  - jmeter.threads.JMeterThread: Thread is done: Thread Group 1-113 
2017/05/06 18:11:17 INFO  - jmeter.threads.JMeterThread: Thread finished: Thread Group 1-113 
2017/05/06 18:11:17 INFO  - jmeter.threads.JMeterThread: Thread is done: Thread Group 1-112 
2017/05/06 18:11:17 INFO  - jmeter.threads.JMeterThread: Thread finished: Thread Group 1-112 
2017/05/06 18:11:17 INFO  - jmeter.threads.JMeterThread: Thread is done: Thread Group 1-86 
2017/05/06 18:11:17 INFO  - jmeter.threads.JMeterThread: Thread finished: Thread Group 1-86 
2017/05/06 18:11:18 INFO  - jmeter.threads.JMeterThread: Thread is done: Thread Group 1-116 
2017/05/06 18:11:18 INFO  - jmeter.threads.JMeterThread: Thread finished: Thread Group 1-116 
2017/05/06 18:11:18 INFO  - jmeter.threads.JMeterThread: Thread is done: Thread Group 1-115 
2017/05/06 18:11:18 INFO  - jmeter.threads.JMeterThread: Thread finished: Thread Group 1-115 
2017/05/06 18:11:18 INFO  - jmeter.threads.JMeterThread: Thread is done: Thread Group 1-239 
2017/05/06 18:11:18 INFO  - jmeter.threads.JMeterThread: Thread finished: Thread Group 1-239 
2017/05/06 18:11:18 INFO  - jmeter.threads.JMeterThread: Thread is done: Thread Group 1-256 
2017/05/06 18:11:18 INFO  - jmeter.threads.JMeterThread: Thread finished: Thread Group 1-256 
2017/05/06 18:11:18 INFO  - jmeter.threads.JMeterThread: Thread is done: Thread Group 1-276 
2017/05/06 18:11:18 INFO  - jmeter.threads.JMeterThread: Thread finished: Thread Group 1-276 
2017/05/06 18:11:41 INFO  - jmeter.threads.JMeterThread: Thread is done: Thread Group 1-90 
2017/05/06 18:11:41 INFO  - jmeter.threads.JMeterThread: Thread finished: Thread Group 1-90 
2017/05/06 18:11:41 INFO  - jmeter.threads.JMeterThread: Thread is done: Thread Group 1-151 
2017/05/06 18:11:41 INFO  - jmeter.threads.JMeterThread: Thread finished: Thread Group 1-151 
2017/05/06 18:11:41 INFO  - jmeter.threads.JMeterThread: Thread is done: Thread Group 1-264 
2017/05/06 18:11:41 INFO  - jmeter.threads.JMeterThread: Thread finished: Thread Group 1-264 
2017/05/06 18:11:42 INFO  - jmeter.threads.JMeterThread: Thread is done: Thread Group 1-118 
2017/05/06 18:11:42 INFO  - jmeter.threads.JMeterThread: Thread finished: Thread Group 1-118 
2017/05/06 18:11:42 INFO  - jmeter.threads.JMeterThread: Thread is done: Thread Group 1-142 
2017/05/06 18:11:42 INFO  - jmeter.threads.JMeterThread: Thread finished: Thread Group 1-142 
2017/05/06 18:11:42 INFO  - jmeter.threads.JMeterThread: Thread is done: Thread Group 1-212 
2017/05/06 18:11:42 INFO  - jmeter.threads.JMeterThread: Thread finished: Thread Group 1-212 
2017/05/06 18:11:42 INFO  - jmeter.threads.JMeterThread: Thread is done: Thread Group 1-275 
2017/05/06 18:11:42 INFO  - jmeter.threads.JMeterThread: Thread finished: Thread Group 1-275 
2017/05/06 18:11:42 INFO  - jmeter.threads.JMeterThread: Thread is done: Thread Group 1-75 
2017/05/06 18:11:42 INFO  - jmeter.threads.JMeterThread: Thread finished: Thread Group 1-75 
2017/05/06 18:11:45 INFO  - jmeter.threads.JMeterThread: Thread is done: Thread Group 1-211 
2017/05/06 18:11:45 INFO  - jmeter.threads.JMeterThread: Thread finished: Thread Group 1-211 
2017/05/06 18:11:45 INFO  - jmeter.threads.JMeterThread: Thread is done: Thread Group 1-192 
2017/05/06 18:11:45 INFO  - jmeter.threads.JMeterThread: Thread finished: Thread Group 1-192 
2017/05/06 18:11:45 INFO  - jmeter.threads.JMeterThread: Thread is done: Thread Group 1-73 
2017/05/06 18:11:45 INFO  - jmeter.threads.JMeterThread: Thread finished: Thread Group 1-73 
2017/05/06 18:11:45 INFO  - jmeter.threads.JMeterThread: Thread is done: Thread Group 1-76 
2017/05/06 18:11:45 INFO  - jmeter.threads.JMeterThread: Thread finished: Thread Group 1-76 
2017/05/06 18:11:45 INFO  - jmeter.threads.JMeterThread: Thread is done: Thread Group 1-55 
2017/05/06 18:11:45 INFO  - jmeter.threads.JMeterThread: Thread finished: Thread Group 1-55 
2017/05/06 18:11:45 INFO  - jmeter.threads.JMeterThread: Thread is done: Thread Group 1-89 
2017/05/06 18:11:45 INFO  - jmeter.threads.JMeterThread: Thread finished: Thread Group 1-89 
2017/05/06 18:11:45 INFO  - jmeter.threads.JMeterThread: Thread is done: Thread Group 1-206 
2017/05/06 18:11:45 INFO  - jmeter.threads.JMeterThread: Thread finished: Thread Group 1-206 
2017/05/06 18:11:45 INFO  - jmeter.threads.JMeterThread: Thread is done: Thread Group 1-271 
2017/05/06 18:11:45 INFO  - jmeter.threads.JMeterThread: Thread finished: Thread Group 1-271 
2017/05/06 18:11:45 INFO  - jmeter.threads.JMeterThread: Thread is done: Thread Group 1-107 
2017/05/06 18:11:45 INFO  - jmeter.threads.JMeterThread: Thread finished: Thread Group 1-107 
2017/05/06 18:11:45 INFO  - jmeter.threads.JMeterThread: Thread is done: Thread Group 1-130 
2017/05/06 18:11:45 INFO  - jmeter.threads.JMeterThread: Thread finished: Thread Group 1-130 
2017/05/06 18:11:45 INFO  - jmeter.threads.JMeterThread: Thread is done: Thread Group 1-15 
2017/05/06 18:11:45 INFO  - jmeter.threads.JMeterThread: Thread finished: Thread Group 1-15 
2017/05/06 18:11:45 INFO  - jmeter.threads.JMeterThread: Thread is done: Thread Group 1-25 
2017/05/06 18:11:45 INFO  - jmeter.threads.JMeterThread: Thread finished: Thread Group 1-25 
2017/05/06 18:11:45 INFO  - jmeter.threads.JMeterThread: Thread is done: Thread Group 1-129 
2017/05/06 18:11:45 INFO  - jmeter.threads.JMeterThread: Thread finished: Thread Group 1-129 
2017/05/06 18:11:49 INFO  - jmeter.threads.JMeterThread: Thread is done: Thread Group 1-209 
2017/05/06 18:11:49 INFO  - jmeter.threads.JMeterThread: Thread finished: Thread Group 1-209 
2017/05/06 18:11:49 INFO  - jmeter.threads.JMeterThread: Thread is done: Thread Group 1-108 
2017/05/06 18:11:49 INFO  - jmeter.threads.JMeterThread: Thread finished: Thread Group 1-108 
2017/05/06 18:11:49 INFO  - jmeter.threads.JMeterThread: Thread is done: Thread Group 1-168 
2017/05/06 18:11:49 INFO  - jmeter.threads.JMeterThread: Thread finished: Thread Group 1-168 
2017/05/06 18:11:49 INFO  - jmeter.threads.JMeterThread: Thread is done: Thread Group 1-274 
2017/05/06 18:11:49 INFO  - jmeter.threads.JMeterThread: Thread finished: Thread Group 1-274 
2017/05/06 18:11:49 INFO  - jmeter.threads.JMeterThread: Thread is done: Thread Group 1-283 
2017/05/06 18:11:49 INFO  - jmeter.threads.JMeterThread: Thread finished: Thread Group 1-283 
2017/05/06 18:11:49 INFO  - jmeter.threads.JMeterThread: Thread is done: Thread Group 1-158 
2017/05/06 18:11:49 INFO  - jmeter.threads.JMeterThread: Thread finished: Thread Group 1-158 
2017/05/06 18:11:49 INFO  - jmeter.threads.JMeterThread: Thread is done: Thread Group 1-265 
2017/05/06 18:11:49 INFO  - jmeter.threads.JMeterThread: Thread finished: Thread Group 1-265 
2017/05/06 18:11:49 INFO  - jmeter.threads.JMeterThread: Thread is done: Thread Group 1-165 
2017/05/06 18:11:49 INFO  - jmeter.threads.JMeterThread: Thread finished: Thread Group 1-165 
2017/05/06 18:11:49 INFO  - jmeter.threads.JMeterThread: Thread is done: Thread Group 1-226 
2017/05/06 18:11:49 INFO  - jmeter.threads.JMeterThread: Thread finished: Thread Group 1-226 
2017/05/06 18:11:49 INFO  - jmeter.threads.JMeterThread: Thread is done: Thread Group 1-53 
2017/05/06 18:11:49 INFO  - jmeter.threads.JMeterThread: Thread finished: Thread Group 1-53 
2017/05/06 18:11:49 INFO  - jmeter.threads.JMeterThread: Thread is done: Thread Group 1-101 
2017/05/06 18:11:49 INFO  - jmeter.threads.JMeterThread: Thread finished: Thread Group 1-101 
2017/05/06 18:11:49 INFO  - jmeter.threads.JMeterThread: Thread is done: Thread Group 1-132 
2017/05/06 18:11:49 INFO  - jmeter.threads.JMeterThread: Thread finished: Thread Group 1-132 
2017/05/06 18:11:49 INFO  - jmeter.threads.JMeterThread: Thread is done: Thread Group 1-72 
2017/05/06 18:11:49 INFO  - jmeter.threads.JMeterThread: Thread finished: Thread Group 1-72 
2017/05/06 18:11:49 INFO  - jmeter.threads.JMeterThread: Thread is done: Thread Group 1-154 
2017/05/06 18:11:49 INFO  - jmeter.threads.JMeterThread: Thread finished: Thread Group 1-154 
2017/05/06 18:11:49 INFO  - jmeter.threads.JMeterThread: Thread is done: Thread Group 1-33 
2017/05/06 18:11:49 INFO  - jmeter.threads.JMeterThread: Thread finished: Thread Group 1-33 
2017/05/06 18:11:49 INFO  - jmeter.threads.JMeterThread: Thread is done: Thread Group 1-223 
2017/05/06 18:11:49 INFO  - jmeter.threads.JMeterThread: Thread finished: Thread Group 1-223 
2017/05/06 18:11:49 INFO  - jmeter.threads.JMeterThread: Thread is done: Thread Group 1-240 
2017/05/06 18:11:49 INFO  - jmeter.threads.JMeterThread: Thread finished: Thread Group 1-240 
2017/05/06 18:11:50 INFO  - jmeter.threads.JMeterThread: Thread is done: Thread Group 1-81 
2017/05/06 18:11:50 INFO  - jmeter.threads.JMeterThread: Thread finished: Thread Group 1-81 
2017/05/06 18:11:50 INFO  - jmeter.threads.JMeterThread: Thread is done: Thread Group 1-246 
2017/05/06 18:11:50 INFO  - jmeter.threads.JMeterThread: Thread finished: Thread Group 1-246 
2017/05/06 18:11:50 INFO  - jmeter.threads.JMeterThread: Thread is done: Thread Group 1-138 
2017/05/06 18:11:50 INFO  - jmeter.threads.JMeterThread: Thread finished: Thread Group 1-138 
2017/05/06 18:11:50 INFO  - jmeter.threads.JMeterThread: Thread is done: Thread Group 1-236 
2017/05/06 18:11:50 INFO  - jmeter.threads.JMeterThread: Thread finished: Thread Group 1-236 
2017/05/06 18:11:50 INFO  - jmeter.threads.JMeterThread: Thread is done: Thread Group 1-54 
2017/05/06 18:11:50 INFO  - jmeter.threads.JMeterThread: Thread finished: Thread Group 1-54 
2017/05/06 18:11:50 INFO  - jmeter.threads.JMeterThread: Thread is done: Thread Group 1-278 
2017/05/06 18:11:50 INFO  - jmeter.threads.JMeterThread: Thread finished: Thread Group 1-278 
2017/05/06 18:11:50 INFO  - jmeter.threads.JMeterThread: Thread is done: Thread Group 1-243 
2017/05/06 18:11:50 INFO  - jmeter.threads.JMeterThread: Thread finished: Thread Group 1-243 
2017/05/06 18:11:50 INFO  - jmeter.threads.JMeterThread: Thread is done: Thread Group 1-57 
2017/05/06 18:11:50 INFO  - jmeter.threads.JMeterThread: Thread finished: Thread Group 1-57 
2017/05/06 18:11:50 INFO  - jmeter.threads.JMeterThread: Thread is done: Thread Group 1-166 
2017/05/06 18:11:50 INFO  - jmeter.threads.JMeterThread: Thread finished: Thread Group 1-166 
2017/05/06 18:11:51 INFO  - jmeter.threads.JMeterThread: Thread is done: Thread Group 1-97 
2017/05/06 18:11:51 INFO  - jmeter.threads.JMeterThread: Thread finished: Thread Group 1-97 
2017/05/06 18:11:51 INFO  - jmeter.threads.JMeterThread: Thread is done: Thread Group 1-190 
2017/05/06 18:11:51 INFO  - jmeter.threads.JMeterThread: Thread finished: Thread Group 1-190 
2017/05/06 18:11:51 INFO  - jmeter.threads.JMeterThread: Thread is done: Thread Group 1-249 
2017/05/06 18:11:51 INFO  - jmeter.threads.JMeterThread: Thread finished: Thread Group 1-249 
2017/05/06 18:11:51 INFO  - jmeter.threads.JMeterThread: Thread is done: Thread Group 1-290 
2017/05/06 18:11:51 INFO  - jmeter.threads.JMeterThread: Thread finished: Thread Group 1-290 
2017/05/06 18:11:52 INFO  - jmeter.threads.JMeterThread: Thread is done: Thread Group 1-227 
2017/05/06 18:11:52 INFO  - jmeter.threads.JMeterThread: Thread finished: Thread Group 1-227 
2017/05/06 18:11:52 INFO  - jmeter.threads.JMeterThread: Thread is done: Thread Group 1-91 
2017/05/06 18:11:52 INFO  - jmeter.threads.JMeterThread: Thread finished: Thread Group 1-91 
2017/05/06 18:12:13 INFO  - jmeter.threads.JMeterThread: Thread is done: Thread Group 1-294 
2017/05/06 18:12:13 INFO  - jmeter.threads.JMeterThread: Thread finished: Thread Group 1-294 
2017/05/06 18:12:13 INFO  - jmeter.threads.JMeterThread: Thread is done: Thread Group 1-98 
2017/05/06 18:12:13 INFO  - jmeter.threads.JMeterThread: Thread finished: Thread Group 1-98 
2017/05/06 18:12:14 INFO  - jmeter.threads.JMeterThread: Thread is done: Thread Group 1-267 
2017/05/06 18:12:14 INFO  - jmeter.threads.JMeterThread: Thread finished: Thread Group 1-267 
2017/05/06 18:12:14 INFO  - jmeter.threads.JMeterThread: Thread is done: Thread Group 1-292 
2017/05/06 18:12:14 INFO  - jmeter.threads.JMeterThread: Thread finished: Thread Group 1-292 
2017/05/06 18:12:14 INFO  - jmeter.threads.JMeterThread: Thread is done: Thread Group 1-176 
2017/05/06 18:12:14 INFO  - jmeter.threads.JMeterThread: Thread finished: Thread Group 1-176 
2017/05/06 18:12:17 INFO  - jmeter.threads.JMeterThread: Thread is done: Thread Group 1-141 
2017/05/06 18:12:17 INFO  - jmeter.threads.JMeterThread: Thread finished: Thread Group 1-141 
2017/05/06 18:12:17 INFO  - jmeter.threads.JMeterThread: Thread is done: Thread Group 1-67 
2017/05/06 18:12:17 INFO  - jmeter.threads.JMeterThread: Thread finished: Thread Group 1-67 
2017/05/06 18:12:17 INFO  - jmeter.threads.JMeterThread: Thread is done: Thread Group 1-133 
2017/05/06 18:12:17 INFO  - jmeter.threads.JMeterThread: Thread finished: Thread Group 1-133 
2017/05/06 18:12:17 INFO  - jmeter.threads.JMeterThread: Thread is done: Thread Group 1-42 
2017/05/06 18:12:17 INFO  - jmeter.threads.JMeterThread: Thread finished: Thread Group 1-42 
2017/05/06 18:12:17 INFO  - jmeter.threads.JMeterThread: Thread is done: Thread Group 1-218 
2017/05/06 18:12:17 INFO  - jmeter.threads.JMeterThread: Thread finished: Thread Group 1-218 
2017/05/06 18:12:17 INFO  - jmeter.threads.JMeterThread: Thread is done: Thread Group 1-122 
2017/05/06 18:12:17 INFO  - jmeter.threads.JMeterThread: Thread finished: Thread Group 1-122 
2017/05/06 18:12:18 INFO  - jmeter.threads.JMeterThread: Thread is done: Thread Group 1-272 
2017/05/06 18:12:18 INFO  - jmeter.threads.JMeterThread: Thread finished: Thread Group 1-272 
2017/05/06 18:12:18 INFO  - jmeter.threads.JMeterThread: Thread is done: Thread Group 1-244 
2017/05/06 18:12:18 INFO  - jmeter.threads.JMeterThread: Thread finished: Thread Group 1-244 
2017/05/06 18:12:18 INFO  - jmeter.threads.JMeterThread: Thread is done: Thread Group 1-87 
2017/05/06 18:12:18 INFO  - jmeter.threads.JMeterThread: Thread finished: Thread Group 1-87 
2017/05/06 18:12:18 INFO  - jmeter.threads.JMeterThread: Thread is done: Thread Group 1-114 
2017/05/06 18:12:18 INFO  - jmeter.threads.JMeterThread: Thread finished: Thread Group 1-114 
2017/05/06 18:12:18 INFO  - jmeter.threads.JMeterThread: Thread is done: Thread Group 1-3 
2017/05/06 18:12:18 INFO  - jmeter.threads.JMeterThread: Thread finished: Thread Group 1-3 
2017/05/06 18:12:18 INFO  - jmeter.threads.JMeterThread: Thread is done: Thread Group 1-5 
2017/05/06 18:12:18 INFO  - jmeter.threads.JMeterThread: Thread finished: Thread Group 1-5 
2017/05/06 18:12:18 INFO  - jmeter.threads.JMeterThread: Thread is done: Thread Group 1-222 
2017/05/06 18:12:18 INFO  - jmeter.threads.JMeterThread: Thread finished: Thread Group 1-222 
2017/05/06 18:12:18 INFO  - jmeter.threads.JMeterThread: Thread is done: Thread Group 1-22 
2017/05/06 18:12:18 INFO  - jmeter.threads.JMeterThread: Thread finished: Thread Group 1-22 
2017/05/06 18:12:18 INFO  - jmeter.threads.JMeterThread: Thread is done: Thread Group 1-46 
2017/05/06 18:12:18 INFO  - jmeter.threads.JMeterThread: Thread finished: Thread Group 1-46 
2017/05/06 18:12:18 INFO  - jmeter.threads.JMeterThread: Thread is done: Thread Group 1-14 
2017/05/06 18:12:18 INFO  - jmeter.threads.JMeterThread: Thread finished: Thread Group 1-14 
2017/05/06 18:12:18 INFO  - jmeter.threads.JMeterThread: Thread is done: Thread Group 1-145 
2017/05/06 18:12:18 INFO  - jmeter.threads.JMeterThread: Thread finished: Thread Group 1-145 
2017/05/06 18:12:18 INFO  - jmeter.threads.JMeterThread: Thread is done: Thread Group 1-32 
2017/05/06 18:12:18 INFO  - jmeter.threads.JMeterThread: Thread finished: Thread Group 1-32 
2017/05/06 18:12:18 INFO  - jmeter.threads.JMeterThread: Thread is done: Thread Group 1-2 
2017/05/06 18:12:18 INFO  - jmeter.threads.JMeterThread: Thread finished: Thread Group 1-2 
2017/05/06 18:12:18 INFO  - jmeter.threads.JMeterThread: Thread is done: Thread Group 1-282 
2017/05/06 18:12:18 INFO  - jmeter.threads.JMeterThread: Thread finished: Thread Group 1-282 
2017/05/06 18:12:18 INFO  - jmeter.threads.JMeterThread: Thread is done: Thread Group 1-191 
2017/05/06 18:12:18 INFO  - jmeter.threads.JMeterThread: Thread finished: Thread Group 1-191 
2017/05/06 18:12:18 INFO  - jmeter.threads.JMeterThread: Thread is done: Thread Group 1-181 
2017/05/06 18:12:18 INFO  - jmeter.threads.JMeterThread: Thread finished: Thread Group 1-181 
2017/05/06 18:12:18 INFO  - jmeter.threads.JMeterThread: Thread is done: Thread Group 1-100 
2017/05/06 18:12:18 INFO  - jmeter.threads.JMeterThread: Thread finished: Thread Group 1-100 
2017/05/06 18:12:18 INFO  - jmeter.threads.JMeterThread: Thread is done: Thread Group 1-49 
2017/05/06 18:12:18 INFO  - jmeter.threads.JMeterThread: Thread finished: Thread Group 1-49 
2017/05/06 18:12:19 INFO  - jmeter.threads.JMeterThread: Thread is done: Thread Group 1-247 
2017/05/06 18:12:19 INFO  - jmeter.threads.JMeterThread: Thread finished: Thread Group 1-247 
2017/05/06 18:12:19 INFO  - jmeter.threads.JMeterThread: Thread is done: Thread Group 1-251 
2017/05/06 18:12:19 INFO  - jmeter.threads.JMeterThread: Thread finished: Thread Group 1-251 
2017/05/06 18:12:22 INFO  - jmeter.threads.JMeterThread: Thread is done: Thread Group 1-7 
2017/05/06 18:12:22 INFO  - jmeter.threads.JMeterThread: Thread finished: Thread Group 1-7 
2017/05/06 18:12:22 INFO  - jmeter.threads.JMeterThread: Thread is done: Thread Group 1-204 
2017/05/06 18:12:22 INFO  - jmeter.threads.JMeterThread: Thread finished: Thread Group 1-204 
2017/05/06 18:12:22 INFO  - jmeter.threads.JMeterThread: Thread is done: Thread Group 1-28 
2017/05/06 18:12:22 INFO  - jmeter.threads.JMeterThread: Thread finished: Thread Group 1-28 
2017/05/06 18:12:22 INFO  - jmeter.threads.JMeterThread: Thread is done: Thread Group 1-298 
2017/05/06 18:12:22 INFO  - jmeter.threads.JMeterThread: Thread finished: Thread Group 1-298 
2017/05/06 18:12:22 INFO  - jmeter.threads.JMeterThread: Thread is done: Thread Group 1-229 
2017/05/06 18:12:22 INFO  - jmeter.threads.JMeterThread: Thread finished: Thread Group 1-229 
2017/05/06 18:12:22 INFO  - jmeter.threads.JMeterThread: Thread is done: Thread Group 1-285 
2017/05/06 18:12:22 INFO  - jmeter.threads.JMeterThread: Thread finished: Thread Group 1-285 
2017/05/06 18:12:22 INFO  - jmeter.threads.JMeterThread: Thread is done: Thread Group 1-248 
2017/05/06 18:12:22 INFO  - jmeter.threads.JMeterThread: Thread finished: Thread Group 1-248 
2017/05/06 18:12:22 INFO  - jmeter.threads.JMeterThread: Thread is done: Thread Group 1-6 
2017/05/06 18:12:22 INFO  - jmeter.threads.JMeterThread: Thread finished: Thread Group 1-6 
2017/05/06 18:12:22 INFO  - jmeter.threads.JMeterThread: Thread is done: Thread Group 1-16 
2017/05/06 18:12:22 INFO  - jmeter.threads.JMeterThread: Thread finished: Thread Group 1-16 
2017/05/06 18:12:22 INFO  - jmeter.threads.JMeterThread: Thread is done: Thread Group 1-127 
2017/05/06 18:12:22 INFO  - jmeter.threads.JMeterThread: Thread finished: Thread Group 1-127 
2017/05/06 18:12:22 INFO  - jmeter.threads.JMeterThread: Thread is done: Thread Group 1-178 
2017/05/06 18:12:22 INFO  - jmeter.threads.JMeterThread: Thread finished: Thread Group 1-178 
2017/05/06 18:12:22 INFO  - jmeter.threads.JMeterThread: Thread is done: Thread Group 1-11 
2017/05/06 18:12:22 INFO  - jmeter.threads.JMeterThread: Thread finished: Thread Group 1-11 
2017/05/06 18:12:22 INFO  - jmeter.threads.JMeterThread: Thread is done: Thread Group 1-30 
2017/05/06 18:12:22 INFO  - jmeter.threads.JMeterThread: Thread finished: Thread Group 1-30 
2017/05/06 18:12:22 INFO  - jmeter.threads.JMeterThread: Thread is done: Thread Group 1-214 
2017/05/06 18:12:22 INFO  - jmeter.threads.JMeterThread: Thread finished: Thread Group 1-214 
2017/05/06 18:12:22 INFO  - jmeter.threads.JMeterThread: Thread is done: Thread Group 1-52 
2017/05/06 18:12:22 INFO  - jmeter.threads.JMeterThread: Thread finished: Thread Group 1-52 
2017/05/06 18:12:22 INFO  - jmeter.threads.JMeterThread: Thread is done: Thread Group 1-198 
2017/05/06 18:12:22 INFO  - jmeter.threads.JMeterThread: Thread finished: Thread Group 1-198 
2017/05/06 18:12:22 INFO  - jmeter.threads.JMeterThread: Thread is done: Thread Group 1-245 
2017/05/06 18:12:22 INFO  - jmeter.threads.JMeterThread: Thread finished: Thread Group 1-245 
2017/05/06 18:12:22 INFO  - jmeter.threads.JMeterThread: Thread is done: Thread Group 1-20 
2017/05/06 18:12:22 INFO  - jmeter.threads.JMeterThread: Thread finished: Thread Group 1-20 
2017/05/06 18:12:22 INFO  - jmeter.threads.JMeterThread: Thread is done: Thread Group 1-167 
2017/05/06 18:12:22 INFO  - jmeter.threads.JMeterThread: Thread finished: Thread Group 1-167 
2017/05/06 18:12:22 INFO  - jmeter.threads.JMeterThread: Thread is done: Thread Group 1-201 
2017/05/06 18:12:22 INFO  - jmeter.threads.JMeterThread: Thread finished: Thread Group 1-201 
2017/05/06 18:12:22 INFO  - jmeter.threads.JMeterThread: Thread is done: Thread Group 1-174 
2017/05/06 18:12:22 INFO  - jmeter.threads.JMeterThread: Thread finished: Thread Group 1-174 
2017/05/06 18:12:22 INFO  - jmeter.threads.JMeterThread: Thread is done: Thread Group 1-68 
2017/05/06 18:12:22 INFO  - jmeter.threads.JMeterThread: Thread finished: Thread Group 1-68 
2017/05/06 18:12:22 INFO  - jmeter.threads.JMeterThread: Thread is done: Thread Group 1-284 
2017/05/06 18:12:22 INFO  - jmeter.threads.JMeterThread: Thread finished: Thread Group 1-284 
2017/05/06 18:12:22 INFO  - jmeter.threads.JMeterThread: Thread is done: Thread Group 1-10 
2017/05/06 18:12:22 INFO  - jmeter.threads.JMeterThread: Thread finished: Thread Group 1-10 
2017/05/06 18:12:22 INFO  - jmeter.threads.JMeterThread: Thread is done: Thread Group 1-152 
2017/05/06 18:12:22 INFO  - jmeter.threads.JMeterThread: Thread finished: Thread Group 1-152 
2017/05/06 18:12:22 INFO  - jmeter.threads.JMeterThread: Thread is done: Thread Group 1-182 
2017/05/06 18:12:22 INFO  - jmeter.threads.JMeterThread: Thread finished: Thread Group 1-182 
2017/05/06 18:12:22 INFO  - jmeter.threads.JMeterThread: Thread is done: Thread Group 1-155 
2017/05/06 18:12:22 INFO  - jmeter.threads.JMeterThread: Thread finished: Thread Group 1-155 
2017/05/06 18:12:22 INFO  - jmeter.threads.JMeterThread: Thread is done: Thread Group 1-92 
2017/05/06 18:12:22 INFO  - jmeter.threads.JMeterThread: Thread finished: Thread Group 1-92 
2017/05/06 18:12:22 INFO  - jmeter.threads.JMeterThread: Thread is done: Thread Group 1-23 
2017/05/06 18:12:22 INFO  - jmeter.threads.JMeterThread: Thread finished: Thread Group 1-23 
2017/05/06 18:12:22 INFO  - jmeter.threads.JMeterThread: Thread is done: Thread Group 1-146 
2017/05/06 18:12:22 INFO  - jmeter.threads.JMeterThread: Thread finished: Thread Group 1-146 
2017/05/06 18:12:22 INFO  - jmeter.threads.JMeterThread: Thread is done: Thread Group 1-235 
2017/05/06 18:12:22 INFO  - jmeter.threads.JMeterThread: Thread finished: Thread Group 1-235 
2017/05/06 18:12:23 INFO  - jmeter.threads.JMeterThread: Thread is done: Thread Group 1-242 
2017/05/06 18:12:23 INFO  - jmeter.threads.JMeterThread: Thread finished: Thread Group 1-242 
2017/05/06 18:12:23 INFO  - jmeter.threads.JMeterThread: Thread is done: Thread Group 1-257 
2017/05/06 18:12:23 INFO  - jmeter.threads.JMeterThread: Thread finished: Thread Group 1-257 
2017/05/06 18:12:23 INFO  - jmeter.threads.JMeterThread: Thread is done: Thread Group 1-172 
2017/05/06 18:12:23 INFO  - jmeter.threads.JMeterThread: Thread finished: Thread Group 1-172 
2017/05/06 18:12:23 INFO  - jmeter.threads.JMeterThread: Thread is done: Thread Group 1-175 
2017/05/06 18:12:23 INFO  - jmeter.threads.JMeterThread: Thread finished: Thread Group 1-175 
2017/05/06 18:12:23 INFO  - jmeter.threads.JMeterThread: Thread is done: Thread Group 1-109 
2017/05/06 18:12:23 INFO  - jmeter.threads.JMeterThread: Thread finished: Thread Group 1-109 
2017/05/06 18:12:23 INFO  - jmeter.threads.JMeterThread: Thread is done: Thread Group 1-1 
2017/05/06 18:12:23 INFO  - jmeter.threads.JMeterThread: Thread finished: Thread Group 1-1 
2017/05/06 18:12:23 INFO  - jmeter.threads.JMeterThread: Thread is done: Thread Group 1-250 
2017/05/06 18:12:23 INFO  - jmeter.threads.JMeterThread: Thread finished: Thread Group 1-250 
2017/05/06 18:12:23 INFO  - jmeter.threads.JMeterThread: Thread is done: Thread Group 1-291 
2017/05/06 18:12:23 INFO  - jmeter.threads.JMeterThread: Thread finished: Thread Group 1-291 
2017/05/06 18:12:23 INFO  - jmeter.threads.JMeterThread: Thread is done: Thread Group 1-203 
2017/05/06 18:12:23 INFO  - jmeter.threads.JMeterThread: Thread finished: Thread Group 1-203 
2017/05/06 18:12:23 INFO  - jmeter.threads.JMeterThread: Thread is done: Thread Group 1-85 
2017/05/06 18:12:23 INFO  - jmeter.threads.JMeterThread: Thread finished: Thread Group 1-85 
2017/05/06 18:12:23 INFO  - jmeter.threads.JMeterThread: Thread is done: Thread Group 1-56 
2017/05/06 18:12:23 INFO  - jmeter.threads.JMeterThread: Thread finished: Thread Group 1-56 
2017/05/06 18:12:23 INFO  - jmeter.threads.JMeterThread: Thread is done: Thread Group 1-119 
2017/05/06 18:12:23 INFO  - jmeter.threads.JMeterThread: Thread finished: Thread Group 1-119 
2017/05/06 18:12:23 INFO  - jmeter.threads.JMeterThread: Thread is done: Thread Group 1-163 
2017/05/06 18:12:23 INFO  - jmeter.threads.JMeterThread: Thread finished: Thread Group 1-163 
2017/05/06 18:12:23 INFO  - jmeter.threads.JMeterThread: Thread is done: Thread Group 1-104 
2017/05/06 18:12:23 INFO  - jmeter.threads.JMeterThread: Thread finished: Thread Group 1-104 
2017/05/06 18:12:23 INFO  - jmeter.threads.JMeterThread: Thread is done: Thread Group 1-238 
2017/05/06 18:12:23 INFO  - jmeter.threads.JMeterThread: Thread finished: Thread Group 1-238 
2017/05/06 18:12:24 INFO  - jmeter.threads.JMeterThread: Thread is done: Thread Group 1-47 
2017/05/06 18:12:24 INFO  - jmeter.threads.JMeterThread: Thread finished: Thread Group 1-47 
2017/05/06 18:12:24 INFO  - jmeter.threads.JMeterThread: Thread is done: Thread Group 1-295 
2017/05/06 18:12:24 INFO  - jmeter.threads.JMeterThread: Thread finished: Thread Group 1-295 
2017/05/06 18:12:24 INFO  - jmeter.threads.JMeterThread: Thread is done: Thread Group 1-259 
2017/05/06 18:12:24 INFO  - jmeter.threads.JMeterThread: Thread finished: Thread Group 1-259 
2017/05/06 18:12:24 INFO  - jmeter.threads.JMeterThread: Thread is done: Thread Group 1-63 
2017/05/06 18:12:24 INFO  - jmeter.threads.JMeterThread: Thread finished: Thread Group 1-63 
2017/05/06 18:12:24 INFO  - jmeter.threads.JMeterThread: Thread is done: Thread Group 1-31 
2017/05/06 18:12:24 INFO  - jmeter.threads.JMeterThread: Thread finished: Thread Group 1-31 
2017/05/06 18:12:24 INFO  - jmeter.threads.JMeterThread: Thread is done: Thread Group 1-225 
2017/05/06 18:12:24 INFO  - jmeter.threads.JMeterThread: Thread finished: Thread Group 1-225 
2017/05/06 18:12:24 INFO  - jmeter.threads.JMeterThread: Thread is done: Thread Group 1-39 
2017/05/06 18:12:24 INFO  - jmeter.threads.JMeterThread: Thread finished: Thread Group 1-39 
2017/05/06 18:12:24 INFO  - jmeter.threads.JMeterThread: Thread is done: Thread Group 1-150 
2017/05/06 18:12:24 INFO  - jmeter.threads.JMeterThread: Thread finished: Thread Group 1-150 
2017/05/06 18:12:24 INFO  - jmeter.threads.JMeterThread: Thread is done: Thread Group 1-193 
2017/05/06 18:12:24 INFO  - jmeter.threads.JMeterThread: Thread finished: Thread Group 1-193 
2017/05/06 18:12:24 INFO  - jmeter.threads.JMeterThread: Thread is done: Thread Group 1-74 
2017/05/06 18:12:24 INFO  - jmeter.threads.JMeterThread: Thread finished: Thread Group 1-74 
2017/05/06 18:12:50 INFO  - jmeter.threads.JMeterThread: Thread is done: Thread Group 1-224 
2017/05/06 18:12:50 INFO  - jmeter.threads.JMeterThread: Thread finished: Thread Group 1-224 
2017/05/06 18:12:50 INFO  - jmeter.threads.JMeterThread: Thread is done: Thread Group 1-36 
2017/05/06 18:12:50 INFO  - jmeter.threads.JMeterThread: Thread finished: Thread Group 1-36 
2017/05/06 18:12:50 INFO  - jmeter.threads.JMeterThread: Thread is done: Thread Group 1-171 
2017/05/06 18:12:50 INFO  - jmeter.threads.JMeterThread: Thread finished: Thread Group 1-171 
2017/05/06 18:12:50 INFO  - jmeter.threads.JMeterThread: Thread is done: Thread Group 1-140 
2017/05/06 18:12:50 INFO  - jmeter.threads.JMeterThread: Thread finished: Thread Group 1-140 
2017/05/06 18:12:50 INFO  - jmeter.threads.JMeterThread: Thread is done: Thread Group 1-79 
2017/05/06 18:12:50 INFO  - jmeter.threads.JMeterThread: Thread finished: Thread Group 1-79 
2017/05/06 18:12:50 INFO  - jmeter.threads.JMeterThread: Thread is done: Thread Group 1-253 
2017/05/06 18:12:50 INFO  - jmeter.threads.JMeterThread: Thread finished: Thread Group 1-253 
2017/05/06 18:12:50 INFO  - jmeter.threads.JMeterThread: Thread is done: Thread Group 1-71 
2017/05/06 18:12:50 INFO  - jmeter.threads.JMeterThread: Thread finished: Thread Group 1-71 
2017/05/06 18:12:50 INFO  - jmeter.threads.JMeterThread: Thread is done: Thread Group 1-43 
2017/05/06 18:12:50 INFO  - jmeter.threads.JMeterThread: Thread finished: Thread Group 1-43 
2017/05/06 18:12:50 INFO  - jmeter.threads.JMeterThread: Thread is done: Thread Group 1-103 
2017/05/06 18:12:50 INFO  - jmeter.threads.JMeterThread: Thread finished: Thread Group 1-103 
2017/05/06 18:12:50 INFO  - jmeter.threads.JMeterThread: Thread is done: Thread Group 1-270 
2017/05/06 18:12:50 INFO  - jmeter.threads.JMeterThread: Thread finished: Thread Group 1-270 
2017/05/06 18:12:50 INFO  - jmeter.threads.JMeterThread: Thread is done: Thread Group 1-99 
2017/05/06 18:12:50 INFO  - jmeter.threads.JMeterThread: Thread finished: Thread Group 1-99 
2017/05/06 18:12:50 INFO  - jmeter.threads.JMeterThread: Thread is done: Thread Group 1-156 
2017/05/06 18:12:50 INFO  - jmeter.threads.JMeterThread: Thread finished: Thread Group 1-156 
2017/05/06 18:12:50 INFO  - jmeter.threads.JMeterThread: Thread is done: Thread Group 1-153 
2017/05/06 18:12:50 INFO  - jmeter.threads.JMeterThread: Thread finished: Thread Group 1-153 
2017/05/06 18:12:51 INFO  - jmeter.threads.JMeterThread: Thread is done: Thread Group 1-164 
2017/05/06 18:12:51 INFO  - jmeter.threads.JMeterThread: Thread finished: Thread Group 1-164 
2017/05/06 18:12:51 INFO  - jmeter.threads.JMeterThread: Thread is done: Thread Group 1-184 
2017/05/06 18:12:51 INFO  - jmeter.threads.JMeterThread: Thread finished: Thread Group 1-184 
2017/05/06 18:12:51 INFO  - jmeter.threads.JMeterThread: Thread is done: Thread Group 1-219 
2017/05/06 18:12:51 INFO  - jmeter.threads.JMeterThread: Thread finished: Thread Group 1-219 
2017/05/06 18:12:51 INFO  - jmeter.threads.JMeterThread: Thread is done: Thread Group 1-169 
2017/05/06 18:12:51 INFO  - jmeter.threads.JMeterThread: Thread finished: Thread Group 1-169 
2017/05/06 18:12:51 INFO  - jmeter.threads.JMeterThread: Thread is done: Thread Group 1-121 
2017/05/06 18:12:51 INFO  - jmeter.threads.JMeterThread: Thread finished: Thread Group 1-121 
2017/05/06 18:12:51 INFO  - jmeter.threads.JMeterThread: Thread is done: Thread Group 1-148 
2017/05/06 18:12:51 INFO  - jmeter.threads.JMeterThread: Thread finished: Thread Group 1-148 
2017/05/06 18:12:51 INFO  - jmeter.threads.JMeterThread: Thread is done: Thread Group 1-95 
2017/05/06 18:12:51 INFO  - jmeter.threads.JMeterThread: Thread finished: Thread Group 1-95 
2017/05/06 18:12:51 INFO  - jmeter.threads.JMeterThread: Thread is done: Thread Group 1-189 
2017/05/06 18:12:51 INFO  - jmeter.threads.JMeterThread: Thread finished: Thread Group 1-189 
2017/05/06 18:12:51 INFO  - jmeter.threads.JMeterThread: Thread is done: Thread Group 1-93 
2017/05/06 18:12:51 INFO  - jmeter.threads.JMeterThread: Thread finished: Thread Group 1-93 
2017/05/06 18:12:51 INFO  - jmeter.threads.JMeterThread: Thread is done: Thread Group 1-106 
2017/05/06 18:12:51 INFO  - jmeter.threads.JMeterThread: Thread finished: Thread Group 1-106 
2017/05/06 18:12:51 INFO  - jmeter.threads.JMeterThread: Thread is done: Thread Group 1-70 
2017/05/06 18:12:51 INFO  - jmeter.threads.JMeterThread: Thread finished: Thread Group 1-70 
2017/05/06 18:12:51 INFO  - jmeter.threads.JMeterThread: Thread is done: Thread Group 1-21 
2017/05/06 18:12:51 INFO  - jmeter.threads.JMeterThread: Thread finished: Thread Group 1-21 
2017/05/06 18:12:51 INFO  - jmeter.threads.JMeterThread: Thread is done: Thread Group 1-80 
2017/05/06 18:12:51 INFO  - jmeter.threads.JMeterThread: Thread finished: Thread Group 1-80 
2017/05/06 18:12:51 INFO  - jmeter.threads.JMeterThread: Thread is done: Thread Group 1-207 
2017/05/06 18:12:51 INFO  - jmeter.threads.JMeterThread: Thread finished: Thread Group 1-207 
2017/05/06 18:12:51 INFO  - jmeter.threads.JMeterThread: Thread is done: Thread Group 1-299 
2017/05/06 18:12:51 INFO  - jmeter.threads.JMeterThread: Thread finished: Thread Group 1-299 
2017/05/06 18:12:51 INFO  - jmeter.threads.JMeterThread: Thread is done: Thread Group 1-215 
2017/05/06 18:12:51 INFO  - jmeter.threads.JMeterThread: Thread finished: Thread Group 1-215 
2017/05/06 18:12:51 INFO  - jmeter.threads.JMeterThread: Thread is done: Thread Group 1-65 
2017/05/06 18:12:51 INFO  - jmeter.threads.JMeterThread: Thread finished: Thread Group 1-65 
2017/05/06 18:12:51 INFO  - jmeter.threads.JMeterThread: Thread is done: Thread Group 1-183 
2017/05/06 18:12:51 INFO  - jmeter.threads.JMeterThread: Thread finished: Thread Group 1-183 
2017/05/06 18:12:51 INFO  - jmeter.threads.JMeterThread: Thread is done: Thread Group 1-13 
2017/05/06 18:12:51 INFO  - jmeter.threads.JMeterThread: Thread finished: Thread Group 1-13 
2017/05/06 18:12:51 INFO  - jmeter.threads.JMeterThread: Thread is done: Thread Group 1-149 
2017/05/06 18:12:51 INFO  - jmeter.threads.JMeterThread: Thread finished: Thread Group 1-149 
2017/05/06 18:12:51 INFO  - jmeter.threads.JMeterThread: Thread is done: Thread Group 1-280 
2017/05/06 18:12:51 INFO  - jmeter.threads.JMeterThread: Thread finished: Thread Group 1-280 
2017/05/06 18:12:51 INFO  - jmeter.threads.JMeterThread: Thread is done: Thread Group 1-288 
2017/05/06 18:12:51 INFO  - jmeter.threads.JMeterThread: Thread finished: Thread Group 1-288 
2017/05/06 18:12:51 INFO  - jmeter.threads.JMeterThread: Thread is done: Thread Group 1-136 
2017/05/06 18:12:51 INFO  - jmeter.threads.JMeterThread: Thread finished: Thread Group 1-136 
2017/05/06 18:12:51 INFO  - jmeter.threads.JMeterThread: Thread is done: Thread Group 1-144 
2017/05/06 18:12:51 INFO  - jmeter.threads.JMeterThread: Thread finished: Thread Group 1-144 
2017/05/06 18:12:51 INFO  - jmeter.threads.JMeterThread: Thread is done: Thread Group 1-102 
2017/05/06 18:12:51 INFO  - jmeter.threads.JMeterThread: Thread finished: Thread Group 1-102 
2017/05/06 18:12:51 INFO  - jmeter.threads.JMeterThread: Thread is done: Thread Group 1-161 
2017/05/06 18:12:51 INFO  - jmeter.threads.JMeterThread: Thread finished: Thread Group 1-161 
2017/05/06 18:12:51 INFO  - jmeter.threads.JMeterThread: Thread is done: Thread Group 1-273 
2017/05/06 18:12:51 INFO  - jmeter.threads.JMeterThread: Thread finished: Thread Group 1-273 
2017/05/06 18:12:51 INFO  - jmeter.threads.JMeterThread: Thread is done: Thread Group 1-279 
2017/05/06 18:12:51 INFO  - jmeter.threads.JMeterThread: Thread finished: Thread Group 1-279 
2017/05/06 18:12:51 INFO  - jmeter.threads.JMeterThread: Thread is done: Thread Group 1-45 
2017/05/06 18:12:51 INFO  - jmeter.threads.JMeterThread: Thread finished: Thread Group 1-45 
2017/05/06 18:12:51 INFO  - jmeter.threads.JMeterThread: Thread is done: Thread Group 1-37 
2017/05/06 18:12:51 INFO  - jmeter.threads.JMeterThread: Thread finished: Thread Group 1-37 
2017/05/06 18:12:51 INFO  - jmeter.threads.JMeterThread: Thread is done: Thread Group 1-269 
2017/05/06 18:12:51 INFO  - jmeter.threads.JMeterThread: Thread finished: Thread Group 1-269 
2017/05/06 18:12:51 INFO  - jmeter.threads.JMeterThread: Thread is done: Thread Group 1-162 
2017/05/06 18:12:51 INFO  - jmeter.threads.JMeterThread: Thread finished: Thread Group 1-162 
2017/05/06 18:12:52 INFO  - jmeter.threads.JMeterThread: Thread is done: Thread Group 1-289 
2017/05/06 18:12:52 INFO  - jmeter.threads.JMeterThread: Thread finished: Thread Group 1-289 
2017/05/06 18:12:52 INFO  - jmeter.threads.JMeterThread: Thread is done: Thread Group 1-286 
2017/05/06 18:12:52 INFO  - jmeter.threads.JMeterThread: Thread finished: Thread Group 1-286 
2017/05/06 18:12:52 INFO  - jmeter.threads.JMeterThread: Thread is done: Thread Group 1-208 
2017/05/06 18:12:52 INFO  - jmeter.threads.JMeterThread: Thread finished: Thread Group 1-208 
2017/05/06 18:12:52 INFO  - jmeter.threads.JMeterThread: Thread is done: Thread Group 1-66 
2017/05/06 18:12:52 INFO  - jmeter.threads.JMeterThread: Thread finished: Thread Group 1-66 
2017/05/06 18:12:52 INFO  - jmeter.threads.JMeterThread: Thread is done: Thread Group 1-287 
2017/05/06 18:12:52 INFO  - jmeter.threads.JMeterThread: Thread finished: Thread Group 1-287 
2017/05/06 18:12:52 INFO  - jmeter.threads.JMeterThread: Thread is done: Thread Group 1-210 
2017/05/06 18:12:52 INFO  - jmeter.threads.JMeterThread: Thread finished: Thread Group 1-210 
2017/05/06 18:12:52 INFO  - jmeter.threads.JMeterThread: Thread is done: Thread Group 1-35 
2017/05/06 18:12:52 INFO  - jmeter.threads.JMeterThread: Thread finished: Thread Group 1-35 
2017/05/06 18:12:52 INFO  - jmeter.threads.JMeterThread: Thread is done: Thread Group 1-241 
2017/05/06 18:12:52 INFO  - jmeter.threads.JMeterThread: Thread finished: Thread Group 1-241 
2017/05/06 18:12:52 INFO  - jmeter.threads.JMeterThread: Thread is done: Thread Group 1-173 
2017/05/06 18:12:52 INFO  - jmeter.threads.JMeterThread: Thread finished: Thread Group 1-173 
2017/05/06 18:12:52 INFO  - jmeter.threads.JMeterThread: Thread is done: Thread Group 1-216 
2017/05/06 18:12:52 INFO  - jmeter.threads.JMeterThread: Thread finished: Thread Group 1-216 
2017/05/06 18:12:52 INFO  - jmeter.threads.JMeterThread: Thread is done: Thread Group 1-19 
2017/05/06 18:12:52 INFO  - jmeter.threads.JMeterThread: Thread finished: Thread Group 1-19 
2017/05/06 18:12:52 INFO  - jmeter.threads.JMeterThread: Thread is done: Thread Group 1-260 
2017/05/06 18:12:52 INFO  - jmeter.threads.JMeterThread: Thread finished: Thread Group 1-260 
2017/05/06 18:12:52 INFO  - jmeter.threads.JMeterThread: Thread is done: Thread Group 1-120 
2017/05/06 18:12:52 INFO  - jmeter.threads.JMeterThread: Thread finished: Thread Group 1-120 
2017/05/06 18:12:52 INFO  - jmeter.threads.JMeterThread: Thread is done: Thread Group 1-62 
2017/05/06 18:12:52 INFO  - jmeter.threads.JMeterThread: Thread finished: Thread Group 1-62 
2017/05/06 18:12:52 INFO  - jmeter.threads.JMeterThread: Thread is done: Thread Group 1-202 
2017/05/06 18:12:52 INFO  - jmeter.threads.JMeterThread: Thread finished: Thread Group 1-202 
2017/05/06 18:12:52 INFO  - jmeter.threads.JMeterThread: Thread is done: Thread Group 1-18 
2017/05/06 18:12:52 INFO  - jmeter.threads.JMeterThread: Thread finished: Thread Group 1-18 
2017/05/06 18:12:54 INFO  - jmeter.threads.JMeterThread: Thread is done: Thread Group 1-277 
2017/05/06 18:12:54 INFO  - jmeter.threads.JMeterThread: Thread finished: Thread Group 1-277 
2017/05/06 18:12:54 INFO  - jmeter.threads.JMeterThread: Thread is done: Thread Group 1-221 
2017/05/06 18:12:54 INFO  - jmeter.threads.JMeterThread: Thread finished: Thread Group 1-221 
2017/05/06 18:12:54 INFO  - jmeter.threads.JMeterThread: Thread is done: Thread Group 1-88 
2017/05/06 18:12:54 INFO  - jmeter.threads.JMeterThread: Thread finished: Thread Group 1-88 
2017/05/06 18:12:54 INFO  - jmeter.threads.JMeterThread: Thread is done: Thread Group 1-69 
2017/05/06 18:12:54 INFO  - jmeter.threads.JMeterThread: Thread finished: Thread Group 1-69 
2017/05/06 18:12:54 INFO  - jmeter.threads.JMeterThread: Thread is done: Thread Group 1-262 
2017/05/06 18:12:54 INFO  - jmeter.threads.JMeterThread: Thread finished: Thread Group 1-262 
2017/05/06 18:12:54 INFO  - jmeter.threads.JMeterThread: Thread is done: Thread Group 1-233 
2017/05/06 18:12:54 INFO  - jmeter.threads.JMeterThread: Thread finished: Thread Group 1-233 
2017/05/06 18:12:54 INFO  - jmeter.threads.JMeterThread: Thread is done: Thread Group 1-50 
2017/05/06 18:12:54 INFO  - jmeter.threads.JMeterThread: Thread finished: Thread Group 1-50 
2017/05/06 18:12:54 INFO  - jmeter.threads.JMeterThread: Thread is done: Thread Group 1-231 
2017/05/06 18:12:54 INFO  - jmeter.threads.JMeterThread: Thread finished: Thread Group 1-231 
2017/05/06 18:12:54 INFO  - jmeter.threads.JMeterThread: Thread is done: Thread Group 1-78 
2017/05/06 18:12:54 INFO  - jmeter.threads.JMeterThread: Thread finished: Thread Group 1-78 
2017/05/06 18:12:54 INFO  - jmeter.threads.JMeterThread: Thread is done: Thread Group 1-297 
2017/05/06 18:12:54 INFO  - jmeter.threads.JMeterThread: Thread finished: Thread Group 1-297 
2017/05/06 18:12:54 INFO  - jmeter.threads.JMeterThread: Thread is done: Thread Group 1-293 
2017/05/06 18:12:54 INFO  - jmeter.threads.JMeterThread: Thread finished: Thread Group 1-293 
2017/05/06 18:12:54 INFO  - jmeter.threads.JMeterThread: Thread is done: Thread Group 1-27 
2017/05/06 18:12:54 INFO  - jmeter.threads.JMeterThread: Thread finished: Thread Group 1-27 
2017/05/06 18:12:54 INFO  - jmeter.threads.JMeterThread: Thread is done: Thread Group 1-12 
2017/05/06 18:12:54 INFO  - jmeter.threads.JMeterThread: Thread finished: Thread Group 1-12 
2017/05/06 18:12:54 INFO  - jmeter.threads.JMeterThread: Thread is done: Thread Group 1-261 
2017/05/06 18:12:54 INFO  - jmeter.threads.JMeterThread: Thread finished: Thread Group 1-261 
2017/05/06 18:12:54 INFO  - jmeter.threads.JMeterThread: Thread is done: Thread Group 1-197 
2017/05/06 18:12:54 INFO  - jmeter.threads.JMeterThread: Thread finished: Thread Group 1-197 
2017/05/06 18:12:54 INFO  - jmeter.threads.JMeterThread: Thread is done: Thread Group 1-44 
2017/05/06 18:12:54 INFO  - jmeter.threads.JMeterThread: Thread finished: Thread Group 1-44 
2017/05/06 18:12:54 INFO  - jmeter.threads.JMeterThread: Thread is done: Thread Group 1-205 
2017/05/06 18:12:54 INFO  - jmeter.threads.JMeterThread: Thread finished: Thread Group 1-205 
2017/05/06 18:12:54 INFO  - jmeter.threads.JMeterThread: Thread is done: Thread Group 1-234 
2017/05/06 18:12:54 INFO  - jmeter.threads.JMeterThread: Thread finished: Thread Group 1-234 
2017/05/06 18:12:54 INFO  - jmeter.threads.JMeterThread: Thread is done: Thread Group 1-258 
2017/05/06 18:12:54 INFO  - jmeter.threads.JMeterThread: Thread finished: Thread Group 1-258 
2017/05/06 18:12:54 INFO  - jmeter.threads.JMeterThread: Thread is done: Thread Group 1-255 
2017/05/06 18:12:54 INFO  - jmeter.threads.JMeterThread: Thread finished: Thread Group 1-255 
2017/05/06 18:12:54 INFO  - jmeter.threads.JMeterThread: Thread is done: Thread Group 1-200 
2017/05/06 18:12:54 INFO  - jmeter.threads.JMeterThread: Thread finished: Thread Group 1-200 
2017/05/06 18:12:54 INFO  - jmeter.threads.JMeterThread: Thread is done: Thread Group 1-105 
2017/05/06 18:12:54 INFO  - jmeter.threads.JMeterThread: Thread finished: Thread Group 1-105 
2017/05/06 18:12:54 INFO  - jmeter.threads.JMeterThread: Thread is done: Thread Group 1-82 
2017/05/06 18:12:54 INFO  - jmeter.threads.JMeterThread: Thread finished: Thread Group 1-82 
2017/05/06 18:12:54 INFO  - jmeter.threads.JMeterThread: Thread is done: Thread Group 1-220 
2017/05/06 18:12:54 INFO  - jmeter.threads.JMeterThread: Thread finished: Thread Group 1-220 
2017/05/06 18:12:54 INFO  - jmeter.threads.JMeterThread: Thread is done: Thread Group 1-38 
2017/05/06 18:12:54 INFO  - jmeter.threads.JMeterThread: Thread is done: Thread Group 1-143 
2017/05/06 18:12:54 INFO  - jmeter.threads.JMeterThread: Thread finished: Thread Group 1-38 
2017/05/06 18:12:54 INFO  - jmeter.threads.JMeterThread: Thread finished: Thread Group 1-143 
2017/05/06 18:12:54 INFO  - jmeter.engine.StandardJMeterEngine: Notifying test listeners of end of test 
2017/05/06 18:12:54 INFO  - jmeter.reporters.Summariser: summary +  90436 in 00:02:51 =  528.1/s Avg:   467 Min:     0 Max: 36256 Err:  1888 (2.09%) Active: 0 Started: 300 Finished: 300 
2017/05/06 18:12:54 INFO  - jmeter.reporters.Summariser: summary = 300000 in 00:10:12 =  489.9/s Avg:   554 Min:     0 Max: 102940 Err:  8330 (2.78%) 
